<?xml version="1.0" encoding="UTF-8"?>
<testsuite name="com.example.useCase.ValidateUserIDTest" tests="2" skipped="0" failures="0" errors="0" timestamp="2022-08-08T22:22:50" hostname="DESKTOP-0IN140F" time="2.785">
  <properties/>
  <testcase name="ExecuteShouldReturnTrueIfSolicitedIdIsInTheList" classname="com.example.useCase.ValidateUserIDTest" time="1.417"/>
  <testcase name="ExecuteShouldReturnFalseIfSolicitedIdIsNotInTheRepository" classname="com.example.useCase.ValidateUserIDTest" time="1.368"/>
  <system-out><![CDATA[2022-08-08 19:22:50.158 [Test worker] INFO  org.mongodb.driver.client - MongoClient with metadata {"driver": {"name": "mongo-java-driver|sync", "version": "4.7.0"}, "os": {"type": "Windows", "name": "Windows 10", "architecture": "amd64", "version": "10.0"}, "platform": "Java/Amazon.com Inc./17.0.3+6-LTS"} created with settings MongoClientSettings{readPreference=primary, writeConcern=WriteConcern{w=majority, wTimeout=null ms, journal=null}, retryWrites=true, retryReads=true, readConcern=ReadConcern{level=null}, credential=MongoCredential{mechanism=null, userName='root', source='admin', password=<hidden>, mechanismProperties=<hidden>}, streamFactoryFactory=null, commandListeners=[], codecRegistry=ProvidersCodecRegistry{codecProviders=[ValueCodecProvider{}, BsonValueCodecProvider{}, DBRefCodecProvider{}, DBObjectCodecProvider{}, DocumentCodecProvider{}, IterableCodecProvider{}, MapCodecProvider{}, GeoJsonCodecProvider{}, GridFSFileCodecProvider{}, Jsr310CodecProvider{}, JsonObjectCodecProvider{}, BsonCodecProvider{}, EnumCodecProvider{}, com.mongodb.Jep395RecordCodecProvider@15923407]}, clusterSettings={hosts=[127.0.0.1:27017], srvHost=topictwister.rbqoldd.mongodb.net, srvServiceName=mongodb, mode=MULTIPLE, requiredClusterType=REPLICA_SET, requiredReplicaSetName='atlas-wtm6mu-shard-0', serverSelector='null', clusterListeners='[]', serverSelectionTimeout='30000 ms', localThreshold='30000 ms'}, socketSettings=SocketSettings{connectTimeoutMS=10000, readTimeoutMS=0, receiveBufferSize=0, sendBufferSize=0}, heartbeatSocketSettings=SocketSettings{connectTimeoutMS=10000, readTimeoutMS=10000, receiveBufferSize=0, sendBufferSize=0}, connectionPoolSettings=ConnectionPoolSettings{maxSize=100, minSize=0, maxWaitTimeMS=120000, maxConnectionLifeTimeMS=0, maxConnectionIdleTimeMS=0, maintenanceInitialDelayMS=0, maintenanceFrequencyMS=60000, connectionPoolListeners=[], maxConnecting=2}, serverSettings=ServerSettings{heartbeatFrequencyMS=10000, minHeartbeatFrequencyMS=500, serverListeners='[]', serverMonitorListeners='[]'}, sslSettings=SslSettings{enabled=true, invalidHostNameAllowed=false, context=null}, applicationName='null', compressorList=[], uuidRepresentation=UNSPECIFIED, serverApi=ServerApi{version=V1, deprecationErrors=null, strict=null}, autoEncryptionSettings=null, contextProvider=null}
2022-08-08 19:22:50.159 [Test worker] INFO  org.mongodb.driver.cluster - Cluster description not yet available. Waiting for 30000 ms before timing out
2022-08-08 19:22:50.160 [cluster-ClusterId{value='62f18cba5cd9465548c042f7', description='null'}-srv-topictwister.rbqoldd.mongodb.net] INFO  org.mongodb.driver.cluster - Adding discovered server ac-9fcfmng-shard-00-01.rbqoldd.mongodb.net:27017 to client view of cluster
2022-08-08 19:22:50.161 [cluster-ClusterId{value='62f18cba5cd9465548c042f7', description='null'}-srv-topictwister.rbqoldd.mongodb.net] INFO  org.mongodb.driver.cluster - Adding discovered server ac-9fcfmng-shard-00-00.rbqoldd.mongodb.net:27017 to client view of cluster
2022-08-08 19:22:50.162 [cluster-ClusterId{value='62f18cba5cd9465548c042f7', description='null'}-srv-topictwister.rbqoldd.mongodb.net] INFO  org.mongodb.driver.cluster - Adding discovered server ac-9fcfmng-shard-00-02.rbqoldd.mongodb.net:27017 to client view of cluster
2022-08-08 19:22:50.163 [cluster-ClusterId{value='62f18cba5cd9465548c042f7', description='null'}-srv-topictwister.rbqoldd.mongodb.net] DEBUG org.mongodb.driver.cluster - Updating cluster description to  {type=REPLICA_SET, servers=[{address=ac-9fcfmng-shard-00-00.rbqoldd.mongodb.net:27017, type=UNKNOWN, state=CONNECTING}, {address=ac-9fcfmng-shard-00-01.rbqoldd.mongodb.net:27017, type=UNKNOWN, state=CONNECTING}, {address=ac-9fcfmng-shard-00-02.rbqoldd.mongodb.net:27017, type=UNKNOWN, state=CONNECTING}]
2022-08-08 19:22:50.164 [Test worker] INFO  org.mongodb.driver.cluster - No server chosen by com.mongodb.client.internal.MongoClientDelegate$1@b0a1231 from cluster description ClusterDescription{type=REPLICA_SET, connectionMode=MULTIPLE, serverDescriptions=[ServerDescription{address=ac-9fcfmng-shard-00-00.rbqoldd.mongodb.net:27017, type=UNKNOWN, state=CONNECTING}, ServerDescription{address=ac-9fcfmng-shard-00-01.rbqoldd.mongodb.net:27017, type=UNKNOWN, state=CONNECTING}, ServerDescription{address=ac-9fcfmng-shard-00-02.rbqoldd.mongodb.net:27017, type=UNKNOWN, state=CONNECTING}]}. Waiting for 30000 ms before timing out
2022-08-08 19:22:50.307 [cluster-rtt-ClusterId{value='62f18cba5cd9465548c042f7', description='null'}-ac-9fcfmng-shard-00-02.rbqoldd.mongodb.net:27017] INFO  org.mongodb.driver.connection - Opened connection [connectionId{localValue:17, serverValue:9982}] to ac-9fcfmng-shard-00-02.rbqoldd.mongodb.net:27017
2022-08-08 19:22:50.315 [cluster-ClusterId{value='62f18cba5cd9465548c042f7', description='null'}-ac-9fcfmng-shard-00-00.rbqoldd.mongodb.net:27017] INFO  org.mongodb.driver.connection - Opened connection [connectionId{localValue:20, serverValue:158009}] to ac-9fcfmng-shard-00-00.rbqoldd.mongodb.net:27017
2022-08-08 19:22:50.316 [cluster-ClusterId{value='62f18cba5cd9465548c042f7', description='null'}-ac-9fcfmng-shard-00-00.rbqoldd.mongodb.net:27017] INFO  org.mongodb.driver.cluster - Monitor thread successfully connected to server with description ServerDescription{address=ac-9fcfmng-shard-00-00.rbqoldd.mongodb.net:27017, type=REPLICA_SET_SECONDARY, state=CONNECTED, ok=true, minWireVersion=0, maxWireVersion=13, maxDocumentSize=16777216, logicalSessionTimeoutMinutes=30, roundTripTimeNanos=102126200, setName='atlas-wtm6mu-shard-0', canonicalAddress=ac-9fcfmng-shard-00-00.rbqoldd.mongodb.net:27017, hosts=[ac-9fcfmng-shard-00-02.rbqoldd.mongodb.net:27017, ac-9fcfmng-shard-00-01.rbqoldd.mongodb.net:27017, ac-9fcfmng-shard-00-00.rbqoldd.mongodb.net:27017], passives=[], arbiters=[], primary='ac-9fcfmng-shard-00-02.rbqoldd.mongodb.net:27017', tagSet=TagSet{[Tag{name='nodeType', value='ELECTABLE'}, Tag{name='provider', value='GCP'}, Tag{name='region', value='SOUTH_AMERICA_EAST_1'}, Tag{name='workloadType', value='OPERATIONAL'}]}, electionId=null, setVersion=7, topologyVersion=TopologyVersion{processId=62e92f24b4aa7ac8428beb20, counter=5}, lastWriteDate=Mon Aug 08 19:22:57 ART 2022, lastUpdateTimeNanos=584036040828500}
2022-08-08 19:22:50.316 [cluster-ClusterId{value='62f18cba5cd9465548c042f7', description='null'}-ac-9fcfmng-shard-00-00.rbqoldd.mongodb.net:27017] DEBUG org.mongodb.driver.connection - Marking the connection pool for ServerId{clusterId=ClusterId{value='62f18cba5cd9465548c042f7', description='null'}, address=ac-9fcfmng-shard-00-00.rbqoldd.mongodb.net:27017} as 'ready'
2022-08-08 19:22:50.316 [cluster-ClusterId{value='62f18cba5cd9465548c042f7', description='null'}-ac-9fcfmng-shard-00-00.rbqoldd.mongodb.net:27017] TRACE org.mongodb.driver.cluster - Handling description changed event for server ac-9fcfmng-shard-00-00.rbqoldd.mongodb.net:27017 with description ServerDescription{address=ac-9fcfmng-shard-00-00.rbqoldd.mongodb.net:27017, type=REPLICA_SET_SECONDARY, state=CONNECTED, ok=true, minWireVersion=0, maxWireVersion=13, maxDocumentSize=16777216, logicalSessionTimeoutMinutes=30, roundTripTimeNanos=102126200, setName='atlas-wtm6mu-shard-0', canonicalAddress=ac-9fcfmng-shard-00-00.rbqoldd.mongodb.net:27017, hosts=[ac-9fcfmng-shard-00-02.rbqoldd.mongodb.net:27017, ac-9fcfmng-shard-00-01.rbqoldd.mongodb.net:27017, ac-9fcfmng-shard-00-00.rbqoldd.mongodb.net:27017], passives=[], arbiters=[], primary='ac-9fcfmng-shard-00-02.rbqoldd.mongodb.net:27017', tagSet=TagSet{[Tag{name='nodeType', value='ELECTABLE'}, Tag{name='provider', value='GCP'}, Tag{name='region', value='SOUTH_AMERICA_EAST_1'}, Tag{name='workloadType', value='OPERATIONAL'}]}, electionId=null, setVersion=7, topologyVersion=TopologyVersion{processId=62e92f24b4aa7ac8428beb20, counter=5}, lastWriteDate=Mon Aug 08 19:22:57 ART 2022, lastUpdateTimeNanos=584036040828500}
2022-08-08 19:22:50.317 [cluster-ClusterId{value='62f18cba5cd9465548c042f7', description='null'}-ac-9fcfmng-shard-00-00.rbqoldd.mongodb.net:27017] DEBUG org.mongodb.driver.cluster - Updating cluster description to  {type=REPLICA_SET, servers=[{address=ac-9fcfmng-shard-00-00.rbqoldd.mongodb.net:27017, type=REPLICA_SET_SECONDARY, TagSet{[Tag{name='nodeType', value='ELECTABLE'}, Tag{name='provider', value='GCP'}, Tag{name='region', value='SOUTH_AMERICA_EAST_1'}, Tag{name='workloadType', value='OPERATIONAL'}]}, roundTripTime=102.1 ms, state=CONNECTED}, {address=ac-9fcfmng-shard-00-01.rbqoldd.mongodb.net:27017, type=UNKNOWN, state=CONNECTING}, {address=ac-9fcfmng-shard-00-02.rbqoldd.mongodb.net:27017, type=UNKNOWN, state=CONNECTING}]
2022-08-08 19:22:50.317 [cluster-ClusterId{value='62f18cba5cd9465548c042f7', description='null'}-ac-9fcfmng-shard-00-00.rbqoldd.mongodb.net:27017] DEBUG org.mongodb.driver.cluster - Checking status of ac-9fcfmng-shard-00-00.rbqoldd.mongodb.net:27017
2022-08-08 19:22:50.317 [MaintenanceTimer-9-thread-1] DEBUG org.mongodb.driver.connection - Pruning pooled connections to ac-9fcfmng-shard-00-00.rbqoldd.mongodb.net:27017
2022-08-08 19:22:50.317 [Test worker] INFO  org.mongodb.driver.cluster - No server chosen by ReadPreferenceServerSelector{readPreference=primary} from cluster description ClusterDescription{type=REPLICA_SET, connectionMode=MULTIPLE, serverDescriptions=[ServerDescription{address=ac-9fcfmng-shard-00-00.rbqoldd.mongodb.net:27017, type=REPLICA_SET_SECONDARY, state=CONNECTED, ok=true, minWireVersion=0, maxWireVersion=13, maxDocumentSize=16777216, logicalSessionTimeoutMinutes=30, roundTripTimeNanos=102126200, setName='atlas-wtm6mu-shard-0', canonicalAddress=ac-9fcfmng-shard-00-00.rbqoldd.mongodb.net:27017, hosts=[ac-9fcfmng-shard-00-02.rbqoldd.mongodb.net:27017, ac-9fcfmng-shard-00-01.rbqoldd.mongodb.net:27017, ac-9fcfmng-shard-00-00.rbqoldd.mongodb.net:27017], passives=[], arbiters=[], primary='ac-9fcfmng-shard-00-02.rbqoldd.mongodb.net:27017', tagSet=TagSet{[Tag{name='nodeType', value='ELECTABLE'}, Tag{name='provider', value='GCP'}, Tag{name='region', value='SOUTH_AMERICA_EAST_1'}, Tag{name='workloadType', value='OPERATIONAL'}]}, electionId=null, setVersion=7, topologyVersion=TopologyVersion{processId=62e92f24b4aa7ac8428beb20, counter=5}, lastWriteDate=Mon Aug 08 19:22:57 ART 2022, lastUpdateTimeNanos=584036040828500}, ServerDescription{address=ac-9fcfmng-shard-00-01.rbqoldd.mongodb.net:27017, type=UNKNOWN, state=CONNECTING}, ServerDescription{address=ac-9fcfmng-shard-00-02.rbqoldd.mongodb.net:27017, type=UNKNOWN, state=CONNECTING}]}. Waiting for 30000 ms before timing out
2022-08-08 19:22:50.318 [cluster-rtt-ClusterId{value='62f18cba5cd9465548c042f7', description='null'}-ac-9fcfmng-shard-00-01.rbqoldd.mongodb.net:27017] INFO  org.mongodb.driver.connection - Opened connection [connectionId{localValue:15, serverValue:9038}] to ac-9fcfmng-shard-00-01.rbqoldd.mongodb.net:27017
2022-08-08 19:22:50.323 [cluster-ClusterId{value='62f18cba5cd9465548c042f7', description='null'}-ac-9fcfmng-shard-00-01.rbqoldd.mongodb.net:27017] INFO  org.mongodb.driver.connection - Opened connection [connectionId{localValue:19, serverValue:9038}] to ac-9fcfmng-shard-00-01.rbqoldd.mongodb.net:27017
2022-08-08 19:22:50.323 [cluster-ClusterId{value='62f18cba5cd9465548c042f7', description='null'}-ac-9fcfmng-shard-00-01.rbqoldd.mongodb.net:27017] INFO  org.mongodb.driver.cluster - Monitor thread successfully connected to server with description ServerDescription{address=ac-9fcfmng-shard-00-01.rbqoldd.mongodb.net:27017, type=REPLICA_SET_SECONDARY, state=CONNECTED, ok=true, minWireVersion=0, maxWireVersion=13, maxDocumentSize=16777216, logicalSessionTimeoutMinutes=30, roundTripTimeNanos=111328200, setName='atlas-wtm6mu-shard-0', canonicalAddress=ac-9fcfmng-shard-00-01.rbqoldd.mongodb.net:27017, hosts=[ac-9fcfmng-shard-00-02.rbqoldd.mongodb.net:27017, ac-9fcfmng-shard-00-01.rbqoldd.mongodb.net:27017, ac-9fcfmng-shard-00-00.rbqoldd.mongodb.net:27017], passives=[], arbiters=[], primary='ac-9fcfmng-shard-00-02.rbqoldd.mongodb.net:27017', tagSet=TagSet{[Tag{name='nodeType', value='ELECTABLE'}, Tag{name='provider', value='GCP'}, Tag{name='region', value='SOUTH_AMERICA_EAST_1'}, Tag{name='workloadType', value='OPERATIONAL'}]}, electionId=null, setVersion=7, topologyVersion=TopologyVersion{processId=62f11ffb31cbc8e03d5fcbc3, counter=3}, lastWriteDate=Mon Aug 08 19:22:57 ART 2022, lastUpdateTimeNanos=584036048482600}
2022-08-08 19:22:50.324 [cluster-ClusterId{value='62f18cba5cd9465548c042f7', description='null'}-ac-9fcfmng-shard-00-01.rbqoldd.mongodb.net:27017] DEBUG org.mongodb.driver.connection - Marking the connection pool for ServerId{clusterId=ClusterId{value='62f18cba5cd9465548c042f7', description='null'}, address=ac-9fcfmng-shard-00-01.rbqoldd.mongodb.net:27017} as 'ready'
2022-08-08 19:22:50.324 [cluster-ClusterId{value='62f18cba5cd9465548c042f7', description='null'}-ac-9fcfmng-shard-00-01.rbqoldd.mongodb.net:27017] TRACE org.mongodb.driver.cluster - Handling description changed event for server ac-9fcfmng-shard-00-01.rbqoldd.mongodb.net:27017 with description ServerDescription{address=ac-9fcfmng-shard-00-01.rbqoldd.mongodb.net:27017, type=REPLICA_SET_SECONDARY, state=CONNECTED, ok=true, minWireVersion=0, maxWireVersion=13, maxDocumentSize=16777216, logicalSessionTimeoutMinutes=30, roundTripTimeNanos=111328200, setName='atlas-wtm6mu-shard-0', canonicalAddress=ac-9fcfmng-shard-00-01.rbqoldd.mongodb.net:27017, hosts=[ac-9fcfmng-shard-00-02.rbqoldd.mongodb.net:27017, ac-9fcfmng-shard-00-01.rbqoldd.mongodb.net:27017, ac-9fcfmng-shard-00-00.rbqoldd.mongodb.net:27017], passives=[], arbiters=[], primary='ac-9fcfmng-shard-00-02.rbqoldd.mongodb.net:27017', tagSet=TagSet{[Tag{name='nodeType', value='ELECTABLE'}, Tag{name='provider', value='GCP'}, Tag{name='region', value='SOUTH_AMERICA_EAST_1'}, Tag{name='workloadType', value='OPERATIONAL'}]}, electionId=null, setVersion=7, topologyVersion=TopologyVersion{processId=62f11ffb31cbc8e03d5fcbc3, counter=3}, lastWriteDate=Mon Aug 08 19:22:57 ART 2022, lastUpdateTimeNanos=584036048482600}
2022-08-08 19:22:50.324 [MaintenanceTimer-8-thread-1] DEBUG org.mongodb.driver.connection - Pruning pooled connections to ac-9fcfmng-shard-00-01.rbqoldd.mongodb.net:27017
2022-08-08 19:22:50.324 [cluster-ClusterId{value='62f18cba5cd9465548c042f7', description='null'}-ac-9fcfmng-shard-00-01.rbqoldd.mongodb.net:27017] DEBUG org.mongodb.driver.cluster - Updating cluster description to  {type=REPLICA_SET, servers=[{address=ac-9fcfmng-shard-00-00.rbqoldd.mongodb.net:27017, type=REPLICA_SET_SECONDARY, TagSet{[Tag{name='nodeType', value='ELECTABLE'}, Tag{name='provider', value='GCP'}, Tag{name='region', value='SOUTH_AMERICA_EAST_1'}, Tag{name='workloadType', value='OPERATIONAL'}]}, roundTripTime=102.1 ms, state=CONNECTED}, {address=ac-9fcfmng-shard-00-01.rbqoldd.mongodb.net:27017, type=REPLICA_SET_SECONDARY, TagSet{[Tag{name='nodeType', value='ELECTABLE'}, Tag{name='provider', value='GCP'}, Tag{name='region', value='SOUTH_AMERICA_EAST_1'}, Tag{name='workloadType', value='OPERATIONAL'}]}, roundTripTime=111.3 ms, state=CONNECTED}, {address=ac-9fcfmng-shard-00-02.rbqoldd.mongodb.net:27017, type=UNKNOWN, state=CONNECTING}]
2022-08-08 19:22:50.324 [cluster-ClusterId{value='62f18cba5cd9465548c042f7', description='null'}-ac-9fcfmng-shard-00-01.rbqoldd.mongodb.net:27017] DEBUG org.mongodb.driver.cluster - Checking status of ac-9fcfmng-shard-00-01.rbqoldd.mongodb.net:27017
2022-08-08 19:22:50.329 [cluster-ClusterId{value='62f18cba5cd9465548c042f7', description='null'}-ac-9fcfmng-shard-00-02.rbqoldd.mongodb.net:27017] INFO  org.mongodb.driver.connection - Opened connection [connectionId{localValue:16, serverValue:9834}] to ac-9fcfmng-shard-00-02.rbqoldd.mongodb.net:27017
2022-08-08 19:22:50.329 [cluster-ClusterId{value='62f18cba5cd9465548c042f7', description='null'}-ac-9fcfmng-shard-00-02.rbqoldd.mongodb.net:27017] INFO  org.mongodb.driver.cluster - Monitor thread successfully connected to server with description ServerDescription{address=ac-9fcfmng-shard-00-02.rbqoldd.mongodb.net:27017, type=REPLICA_SET_PRIMARY, state=CONNECTED, ok=true, minWireVersion=0, maxWireVersion=13, maxDocumentSize=16777216, logicalSessionTimeoutMinutes=30, roundTripTimeNanos=116399100, setName='atlas-wtm6mu-shard-0', canonicalAddress=ac-9fcfmng-shard-00-02.rbqoldd.mongodb.net:27017, hosts=[ac-9fcfmng-shard-00-02.rbqoldd.mongodb.net:27017, ac-9fcfmng-shard-00-01.rbqoldd.mongodb.net:27017, ac-9fcfmng-shard-00-00.rbqoldd.mongodb.net:27017], passives=[], arbiters=[], primary='ac-9fcfmng-shard-00-02.rbqoldd.mongodb.net:27017', tagSet=TagSet{[Tag{name='nodeType', value='ELECTABLE'}, Tag{name='provider', value='GCP'}, Tag{name='region', value='SOUTH_AMERICA_EAST_1'}, Tag{name='workloadType', value='OPERATIONAL'}]}, electionId=7fffffff0000000000000050, setVersion=7, topologyVersion=TopologyVersion{processId=62f11c32490acc0755c4bc62, counter=6}, lastWriteDate=Mon Aug 08 19:22:57 ART 2022, lastUpdateTimeNanos=584036054168800}
2022-08-08 19:22:50.330 [cluster-ClusterId{value='62f18cba5cd9465548c042f7', description='null'}-ac-9fcfmng-shard-00-02.rbqoldd.mongodb.net:27017] DEBUG org.mongodb.driver.connection - Marking the connection pool for ServerId{clusterId=ClusterId{value='62f18cba5cd9465548c042f7', description='null'}, address=ac-9fcfmng-shard-00-02.rbqoldd.mongodb.net:27017} as 'ready'
2022-08-08 19:22:50.330 [cluster-ClusterId{value='62f18cba5cd9465548c042f7', description='null'}-ac-9fcfmng-shard-00-02.rbqoldd.mongodb.net:27017] TRACE org.mongodb.driver.cluster - Handling description changed event for server ac-9fcfmng-shard-00-02.rbqoldd.mongodb.net:27017 with description ServerDescription{address=ac-9fcfmng-shard-00-02.rbqoldd.mongodb.net:27017, type=REPLICA_SET_PRIMARY, state=CONNECTED, ok=true, minWireVersion=0, maxWireVersion=13, maxDocumentSize=16777216, logicalSessionTimeoutMinutes=30, roundTripTimeNanos=116399100, setName='atlas-wtm6mu-shard-0', canonicalAddress=ac-9fcfmng-shard-00-02.rbqoldd.mongodb.net:27017, hosts=[ac-9fcfmng-shard-00-02.rbqoldd.mongodb.net:27017, ac-9fcfmng-shard-00-01.rbqoldd.mongodb.net:27017, ac-9fcfmng-shard-00-00.rbqoldd.mongodb.net:27017], passives=[], arbiters=[], primary='ac-9fcfmng-shard-00-02.rbqoldd.mongodb.net:27017', tagSet=TagSet{[Tag{name='nodeType', value='ELECTABLE'}, Tag{name='provider', value='GCP'}, Tag{name='region', value='SOUTH_AMERICA_EAST_1'}, Tag{name='workloadType', value='OPERATIONAL'}]}, electionId=7fffffff0000000000000050, setVersion=7, topologyVersion=TopologyVersion{processId=62f11c32490acc0755c4bc62, counter=6}, lastWriteDate=Mon Aug 08 19:22:57 ART 2022, lastUpdateTimeNanos=584036054168800}
2022-08-08 19:22:50.330 [cluster-ClusterId{value='62f18cba5cd9465548c042f7', description='null'}-ac-9fcfmng-shard-00-02.rbqoldd.mongodb.net:27017] INFO  org.mongodb.driver.cluster - Setting max election id to 7fffffff0000000000000050 from replica set primary ac-9fcfmng-shard-00-02.rbqoldd.mongodb.net:27017
2022-08-08 19:22:50.330 [cluster-ClusterId{value='62f18cba5cd9465548c042f7', description='null'}-ac-9fcfmng-shard-00-02.rbqoldd.mongodb.net:27017] INFO  org.mongodb.driver.cluster - Setting max set version to 7 from replica set primary ac-9fcfmng-shard-00-02.rbqoldd.mongodb.net:27017
2022-08-08 19:22:50.330 [cluster-ClusterId{value='62f18cba5cd9465548c042f7', description='null'}-ac-9fcfmng-shard-00-02.rbqoldd.mongodb.net:27017] INFO  org.mongodb.driver.cluster - Discovered replica set primary ac-9fcfmng-shard-00-02.rbqoldd.mongodb.net:27017
2022-08-08 19:22:50.331 [cluster-rtt-ClusterId{value='62f18cba5cd9465548c042f7', description='null'}-ac-9fcfmng-shard-00-00.rbqoldd.mongodb.net:27017] INFO  org.mongodb.driver.connection - Opened connection [connectionId{localValue:18, serverValue:158009}] to ac-9fcfmng-shard-00-00.rbqoldd.mongodb.net:27017
2022-08-08 19:22:50.331 [cluster-ClusterId{value='62f18cba5cd9465548c042f7', description='null'}-ac-9fcfmng-shard-00-02.rbqoldd.mongodb.net:27017] DEBUG org.mongodb.driver.cluster - Updating cluster description to  {type=REPLICA_SET, servers=[{address=ac-9fcfmng-shard-00-00.rbqoldd.mongodb.net:27017, type=REPLICA_SET_SECONDARY, TagSet{[Tag{name='nodeType', value='ELECTABLE'}, Tag{name='provider', value='GCP'}, Tag{name='region', value='SOUTH_AMERICA_EAST_1'}, Tag{name='workloadType', value='OPERATIONAL'}]}, roundTripTime=102.1 ms, state=CONNECTED}, {address=ac-9fcfmng-shard-00-01.rbqoldd.mongodb.net:27017, type=REPLICA_SET_SECONDARY, TagSet{[Tag{name='nodeType', value='ELECTABLE'}, Tag{name='provider', value='GCP'}, Tag{name='region', value='SOUTH_AMERICA_EAST_1'}, Tag{name='workloadType', value='OPERATIONAL'}]}, roundTripTime=111.3 ms, state=CONNECTED}, {address=ac-9fcfmng-shard-00-02.rbqoldd.mongodb.net:27017, type=REPLICA_SET_PRIMARY, TagSet{[Tag{name='nodeType', value='ELECTABLE'}, Tag{name='provider', value='GCP'}, Tag{name='region', value='SOUTH_AMERICA_EAST_1'}, Tag{name='workloadType', value='OPERATIONAL'}]}, roundTripTime=116.4 ms, state=CONNECTED}]
2022-08-08 19:22:50.331 [cluster-ClusterId{value='62f18cba5cd9465548c042f7', description='null'}-ac-9fcfmng-shard-00-02.rbqoldd.mongodb.net:27017] DEBUG org.mongodb.driver.cluster - Checking status of ac-9fcfmng-shard-00-02.rbqoldd.mongodb.net:27017
2022-08-08 19:22:50.332 [MaintenanceTimer-10-thread-1] DEBUG org.mongodb.driver.connection - Pruning pooled connections to ac-9fcfmng-shard-00-02.rbqoldd.mongodb.net:27017
2022-08-08 19:22:50.596 [Test worker] INFO  org.mongodb.driver.connection - Opened connection [connectionId{localValue:21, serverValue:10081}] to ac-9fcfmng-shard-00-02.rbqoldd.mongodb.net:27017
2022-08-08 19:22:50.596 [Test worker] TRACE org.mongodb.driver.connection - Pooled connection connectionId{localValue:21, serverValue:10081} to server ServerId{clusterId=ClusterId{value='62f18cba5cd9465548c042f7', description='null'}, address=ac-9fcfmng-shard-00-02.rbqoldd.mongodb.net:27017} is now open
2022-08-08 19:22:50.597 [Test worker] DEBUG org.mongodb.driver.protocol.command - Sending command '{"find": "users", "filter": {}, "$db": "login", "lsid": {"id": {"$binary": {"base64": "/JKOi1VSTeuEL/M8iqhbVQ==", "subType": "04"}}}, "apiVersion": "1"}' with request id 39 to database login on connection [connectionId{localValue:21, serverValue:10081}] to server ac-9fcfmng-shard-00-02.rbqoldd.mongodb.net:27017
2022-08-08 19:22:50.645 [Test worker] DEBUG org.mongodb.driver.protocol.command - Execution of command with request id 39 completed successfully in 48.82 ms on connection [connectionId{localValue:21, serverValue:10081}] to server ac-9fcfmng-shard-00-02.rbqoldd.mongodb.net:27017
2022-08-08 19:22:50.646 [Test worker] DEBUG org.mongodb.driver.operation - Received batch of 6 documents with cursorId 0 from server ac-9fcfmng-shard-00-02.rbqoldd.mongodb.net:27017
2022-08-08 19:22:50.646 [Test worker] TRACE org.mongodb.driver.connection - Checked in connection [connectionId{localValue:21, serverValue:10081}] to server ac-9fcfmng-shard-00-02.rbqoldd.mongodb.net:27017
2022-08-08 19:22:50.657 [Test worker] INFO  org.mongodb.driver.client - MongoClient with metadata {"driver": {"name": "mongo-java-driver|sync", "version": "4.7.0"}, "os": {"type": "Windows", "name": "Windows 10", "architecture": "amd64", "version": "10.0"}, "platform": "Java/Amazon.com Inc./17.0.3+6-LTS"} created with settings MongoClientSettings{readPreference=primary, writeConcern=WriteConcern{w=majority, wTimeout=null ms, journal=null}, retryWrites=true, retryReads=true, readConcern=ReadConcern{level=null}, credential=MongoCredential{mechanism=null, userName='root', source='admin', password=<hidden>, mechanismProperties=<hidden>}, streamFactoryFactory=null, commandListeners=[], codecRegistry=ProvidersCodecRegistry{codecProviders=[ValueCodecProvider{}, BsonValueCodecProvider{}, DBRefCodecProvider{}, DBObjectCodecProvider{}, DocumentCodecProvider{}, IterableCodecProvider{}, MapCodecProvider{}, GeoJsonCodecProvider{}, GridFSFileCodecProvider{}, Jsr310CodecProvider{}, JsonObjectCodecProvider{}, BsonCodecProvider{}, EnumCodecProvider{}, com.mongodb.Jep395RecordCodecProvider@15923407]}, clusterSettings={hosts=[127.0.0.1:27017], srvHost=topictwister.rbqoldd.mongodb.net, srvServiceName=mongodb, mode=MULTIPLE, requiredClusterType=REPLICA_SET, requiredReplicaSetName='atlas-wtm6mu-shard-0', serverSelector='null', clusterListeners='[]', serverSelectionTimeout='30000 ms', localThreshold='30000 ms'}, socketSettings=SocketSettings{connectTimeoutMS=10000, readTimeoutMS=0, receiveBufferSize=0, sendBufferSize=0}, heartbeatSocketSettings=SocketSettings{connectTimeoutMS=10000, readTimeoutMS=10000, receiveBufferSize=0, sendBufferSize=0}, connectionPoolSettings=ConnectionPoolSettings{maxSize=100, minSize=0, maxWaitTimeMS=120000, maxConnectionLifeTimeMS=0, maxConnectionIdleTimeMS=0, maintenanceInitialDelayMS=0, maintenanceFrequencyMS=60000, connectionPoolListeners=[], maxConnecting=2}, serverSettings=ServerSettings{heartbeatFrequencyMS=10000, minHeartbeatFrequencyMS=500, serverListeners='[]', serverMonitorListeners='[]'}, sslSettings=SslSettings{enabled=true, invalidHostNameAllowed=false, context=null}, applicationName='null', compressorList=[], uuidRepresentation=UNSPECIFIED, serverApi=ServerApi{version=V1, deprecationErrors=null, strict=null}, autoEncryptionSettings=null, contextProvider=null}
2022-08-08 19:22:50.657 [Test worker] INFO  org.mongodb.driver.cluster - Cluster description not yet available. Waiting for 30000 ms before timing out
2022-08-08 19:22:50.659 [cluster-ClusterId{value='62f18cba5cd9465548c042f8', description='null'}-srv-topictwister.rbqoldd.mongodb.net] INFO  org.mongodb.driver.cluster - Adding discovered server ac-9fcfmng-shard-00-01.rbqoldd.mongodb.net:27017 to client view of cluster
2022-08-08 19:22:50.659 [cluster-ClusterId{value='62f18cba5cd9465548c042f8', description='null'}-srv-topictwister.rbqoldd.mongodb.net] INFO  org.mongodb.driver.cluster - Adding discovered server ac-9fcfmng-shard-00-00.rbqoldd.mongodb.net:27017 to client view of cluster
2022-08-08 19:22:50.660 [cluster-ClusterId{value='62f18cba5cd9465548c042f8', description='null'}-srv-topictwister.rbqoldd.mongodb.net] INFO  org.mongodb.driver.cluster - Adding discovered server ac-9fcfmng-shard-00-02.rbqoldd.mongodb.net:27017 to client view of cluster
2022-08-08 19:22:50.661 [cluster-ClusterId{value='62f18cba5cd9465548c042f8', description='null'}-srv-topictwister.rbqoldd.mongodb.net] DEBUG org.mongodb.driver.cluster - Updating cluster description to  {type=REPLICA_SET, servers=[{address=ac-9fcfmng-shard-00-00.rbqoldd.mongodb.net:27017, type=UNKNOWN, state=CONNECTING}, {address=ac-9fcfmng-shard-00-01.rbqoldd.mongodb.net:27017, type=UNKNOWN, state=CONNECTING}, {address=ac-9fcfmng-shard-00-02.rbqoldd.mongodb.net:27017, type=UNKNOWN, state=CONNECTING}]
2022-08-08 19:22:50.661 [Test worker] INFO  org.mongodb.driver.cluster - No server chosen by com.mongodb.client.internal.MongoClientDelegate$1@dd2856e from cluster description ClusterDescription{type=REPLICA_SET, connectionMode=MULTIPLE, serverDescriptions=[ServerDescription{address=ac-9fcfmng-shard-00-00.rbqoldd.mongodb.net:27017, type=UNKNOWN, state=CONNECTING}, ServerDescription{address=ac-9fcfmng-shard-00-01.rbqoldd.mongodb.net:27017, type=UNKNOWN, state=CONNECTING}, ServerDescription{address=ac-9fcfmng-shard-00-02.rbqoldd.mongodb.net:27017, type=UNKNOWN, state=CONNECTING}]}. Waiting for 30000 ms before timing out
2022-08-08 19:22:50.803 [cluster-ClusterId{value='62f18cba5cd9465548c042f8', description='null'}-ac-9fcfmng-shard-00-00.rbqoldd.mongodb.net:27017] INFO  org.mongodb.driver.connection - Opened connection [connectionId{localValue:25, serverValue:158022}] to ac-9fcfmng-shard-00-00.rbqoldd.mongodb.net:27017
2022-08-08 19:22:50.803 [cluster-ClusterId{value='62f18cba5cd9465548c042f8', description='null'}-ac-9fcfmng-shard-00-00.rbqoldd.mongodb.net:27017] INFO  org.mongodb.driver.cluster - Monitor thread successfully connected to server with description ServerDescription{address=ac-9fcfmng-shard-00-00.rbqoldd.mongodb.net:27017, type=REPLICA_SET_SECONDARY, state=CONNECTED, ok=true, minWireVersion=0, maxWireVersion=13, maxDocumentSize=16777216, logicalSessionTimeoutMinutes=30, roundTripTimeNanos=96054400, setName='atlas-wtm6mu-shard-0', canonicalAddress=ac-9fcfmng-shard-00-00.rbqoldd.mongodb.net:27017, hosts=[ac-9fcfmng-shard-00-02.rbqoldd.mongodb.net:27017, ac-9fcfmng-shard-00-01.rbqoldd.mongodb.net:27017, ac-9fcfmng-shard-00-00.rbqoldd.mongodb.net:27017], passives=[], arbiters=[], primary='ac-9fcfmng-shard-00-02.rbqoldd.mongodb.net:27017', tagSet=TagSet{[Tag{name='nodeType', value='ELECTABLE'}, Tag{name='provider', value='GCP'}, Tag{name='region', value='SOUTH_AMERICA_EAST_1'}, Tag{name='workloadType', value='OPERATIONAL'}]}, electionId=null, setVersion=7, topologyVersion=TopologyVersion{processId=62e92f24b4aa7ac8428beb20, counter=5}, lastWriteDate=Mon Aug 08 19:22:58 ART 2022, lastUpdateTimeNanos=584036528220700}
2022-08-08 19:22:50.803 [cluster-ClusterId{value='62f18cba5cd9465548c042f8', description='null'}-ac-9fcfmng-shard-00-00.rbqoldd.mongodb.net:27017] DEBUG org.mongodb.driver.connection - Marking the connection pool for ServerId{clusterId=ClusterId{value='62f18cba5cd9465548c042f8', description='null'}, address=ac-9fcfmng-shard-00-00.rbqoldd.mongodb.net:27017} as 'ready'
2022-08-08 19:22:50.803 [MaintenanceTimer-12-thread-1] DEBUG org.mongodb.driver.connection - Pruning pooled connections to ac-9fcfmng-shard-00-00.rbqoldd.mongodb.net:27017
2022-08-08 19:22:50.804 [cluster-ClusterId{value='62f18cba5cd9465548c042f8', description='null'}-ac-9fcfmng-shard-00-00.rbqoldd.mongodb.net:27017] TRACE org.mongodb.driver.cluster - Handling description changed event for server ac-9fcfmng-shard-00-00.rbqoldd.mongodb.net:27017 with description ServerDescription{address=ac-9fcfmng-shard-00-00.rbqoldd.mongodb.net:27017, type=REPLICA_SET_SECONDARY, state=CONNECTED, ok=true, minWireVersion=0, maxWireVersion=13, maxDocumentSize=16777216, logicalSessionTimeoutMinutes=30, roundTripTimeNanos=96054400, setName='atlas-wtm6mu-shard-0', canonicalAddress=ac-9fcfmng-shard-00-00.rbqoldd.mongodb.net:27017, hosts=[ac-9fcfmng-shard-00-02.rbqoldd.mongodb.net:27017, ac-9fcfmng-shard-00-01.rbqoldd.mongodb.net:27017, ac-9fcfmng-shard-00-00.rbqoldd.mongodb.net:27017], passives=[], arbiters=[], primary='ac-9fcfmng-shard-00-02.rbqoldd.mongodb.net:27017', tagSet=TagSet{[Tag{name='nodeType', value='ELECTABLE'}, Tag{name='provider', value='GCP'}, Tag{name='region', value='SOUTH_AMERICA_EAST_1'}, Tag{name='workloadType', value='OPERATIONAL'}]}, electionId=null, setVersion=7, topologyVersion=TopologyVersion{processId=62e92f24b4aa7ac8428beb20, counter=5}, lastWriteDate=Mon Aug 08 19:22:58 ART 2022, lastUpdateTimeNanos=584036528220700}
2022-08-08 19:22:50.804 [cluster-ClusterId{value='62f18cba5cd9465548c042f8', description='null'}-ac-9fcfmng-shard-00-00.rbqoldd.mongodb.net:27017] DEBUG org.mongodb.driver.cluster - Updating cluster description to  {type=REPLICA_SET, servers=[{address=ac-9fcfmng-shard-00-00.rbqoldd.mongodb.net:27017, type=REPLICA_SET_SECONDARY, TagSet{[Tag{name='nodeType', value='ELECTABLE'}, Tag{name='provider', value='GCP'}, Tag{name='region', value='SOUTH_AMERICA_EAST_1'}, Tag{name='workloadType', value='OPERATIONAL'}]}, roundTripTime=96.1 ms, state=CONNECTED}, {address=ac-9fcfmng-shard-00-01.rbqoldd.mongodb.net:27017, type=UNKNOWN, state=CONNECTING}, {address=ac-9fcfmng-shard-00-02.rbqoldd.mongodb.net:27017, type=UNKNOWN, state=CONNECTING}]
2022-08-08 19:22:50.804 [cluster-ClusterId{value='62f18cba5cd9465548c042f8', description='null'}-ac-9fcfmng-shard-00-00.rbqoldd.mongodb.net:27017] DEBUG org.mongodb.driver.cluster - Checking status of ac-9fcfmng-shard-00-00.rbqoldd.mongodb.net:27017
2022-08-08 19:22:50.804 [Test worker] INFO  org.mongodb.driver.cluster - No server chosen by ReadPreferenceServerSelector{readPreference=primary} from cluster description ClusterDescription{type=REPLICA_SET, connectionMode=MULTIPLE, serverDescriptions=[ServerDescription{address=ac-9fcfmng-shard-00-00.rbqoldd.mongodb.net:27017, type=REPLICA_SET_SECONDARY, state=CONNECTED, ok=true, minWireVersion=0, maxWireVersion=13, maxDocumentSize=16777216, logicalSessionTimeoutMinutes=30, roundTripTimeNanos=96054400, setName='atlas-wtm6mu-shard-0', canonicalAddress=ac-9fcfmng-shard-00-00.rbqoldd.mongodb.net:27017, hosts=[ac-9fcfmng-shard-00-02.rbqoldd.mongodb.net:27017, ac-9fcfmng-shard-00-01.rbqoldd.mongodb.net:27017, ac-9fcfmng-shard-00-00.rbqoldd.mongodb.net:27017], passives=[], arbiters=[], primary='ac-9fcfmng-shard-00-02.rbqoldd.mongodb.net:27017', tagSet=TagSet{[Tag{name='nodeType', value='ELECTABLE'}, Tag{name='provider', value='GCP'}, Tag{name='region', value='SOUTH_AMERICA_EAST_1'}, Tag{name='workloadType', value='OPERATIONAL'}]}, electionId=null, setVersion=7, topologyVersion=TopologyVersion{processId=62e92f24b4aa7ac8428beb20, counter=5}, lastWriteDate=Mon Aug 08 19:22:58 ART 2022, lastUpdateTimeNanos=584036528220700}, ServerDescription{address=ac-9fcfmng-shard-00-01.rbqoldd.mongodb.net:27017, type=UNKNOWN, state=CONNECTING}, ServerDescription{address=ac-9fcfmng-shard-00-02.rbqoldd.mongodb.net:27017, type=UNKNOWN, state=CONNECTING}]}. Waiting for 30000 ms before timing out
2022-08-08 19:22:50.805 [cluster-rtt-ClusterId{value='62f18cba5cd9465548c042f8', description='null'}-ac-9fcfmng-shard-00-01.rbqoldd.mongodb.net:27017] INFO  org.mongodb.driver.connection - Opened connection [connectionId{localValue:23, serverValue:9039}] to ac-9fcfmng-shard-00-01.rbqoldd.mongodb.net:27017
2022-08-08 19:22:50.806 [cluster-rtt-ClusterId{value='62f18cba5cd9465548c042f8', description='null'}-ac-9fcfmng-shard-00-02.rbqoldd.mongodb.net:27017] INFO  org.mongodb.driver.connection - Opened connection [connectionId{localValue:27, serverValue:10044}] to ac-9fcfmng-shard-00-02.rbqoldd.mongodb.net:27017
2022-08-08 19:22:50.821 [cluster-ClusterId{value='62f18cba5cd9465548c042f8', description='null'}-ac-9fcfmng-shard-00-01.rbqoldd.mongodb.net:27017] INFO  org.mongodb.driver.connection - Opened connection [connectionId{localValue:22, serverValue:9039}] to ac-9fcfmng-shard-00-01.rbqoldd.mongodb.net:27017
2022-08-08 19:22:50.821 [cluster-ClusterId{value='62f18cba5cd9465548c042f8', description='null'}-ac-9fcfmng-shard-00-02.rbqoldd.mongodb.net:27017] INFO  org.mongodb.driver.connection - Opened connection [connectionId{localValue:26, serverValue:10044}] to ac-9fcfmng-shard-00-02.rbqoldd.mongodb.net:27017
2022-08-08 19:22:50.821 [cluster-ClusterId{value='62f18cba5cd9465548c042f8', description='null'}-ac-9fcfmng-shard-00-01.rbqoldd.mongodb.net:27017] INFO  org.mongodb.driver.cluster - Monitor thread successfully connected to server with description ServerDescription{address=ac-9fcfmng-shard-00-01.rbqoldd.mongodb.net:27017, type=REPLICA_SET_SECONDARY, state=CONNECTED, ok=true, minWireVersion=0, maxWireVersion=13, maxDocumentSize=16777216, logicalSessionTimeoutMinutes=30, roundTripTimeNanos=112365300, setName='atlas-wtm6mu-shard-0', canonicalAddress=ac-9fcfmng-shard-00-01.rbqoldd.mongodb.net:27017, hosts=[ac-9fcfmng-shard-00-02.rbqoldd.mongodb.net:27017, ac-9fcfmng-shard-00-01.rbqoldd.mongodb.net:27017, ac-9fcfmng-shard-00-00.rbqoldd.mongodb.net:27017], passives=[], arbiters=[], primary='ac-9fcfmng-shard-00-02.rbqoldd.mongodb.net:27017', tagSet=TagSet{[Tag{name='nodeType', value='ELECTABLE'}, Tag{name='provider', value='GCP'}, Tag{name='region', value='SOUTH_AMERICA_EAST_1'}, Tag{name='workloadType', value='OPERATIONAL'}]}, electionId=null, setVersion=7, topologyVersion=TopologyVersion{processId=62f11ffb31cbc8e03d5fcbc3, counter=3}, lastWriteDate=Mon Aug 08 19:22:58 ART 2022, lastUpdateTimeNanos=584036546112500}
2022-08-08 19:22:50.821 [cluster-ClusterId{value='62f18cba5cd9465548c042f8', description='null'}-ac-9fcfmng-shard-00-02.rbqoldd.mongodb.net:27017] INFO  org.mongodb.driver.cluster - Monitor thread successfully connected to server with description ServerDescription{address=ac-9fcfmng-shard-00-02.rbqoldd.mongodb.net:27017, type=REPLICA_SET_PRIMARY, state=CONNECTED, ok=true, minWireVersion=0, maxWireVersion=13, maxDocumentSize=16777216, logicalSessionTimeoutMinutes=30, roundTripTimeNanos=110286000, setName='atlas-wtm6mu-shard-0', canonicalAddress=ac-9fcfmng-shard-00-02.rbqoldd.mongodb.net:27017, hosts=[ac-9fcfmng-shard-00-02.rbqoldd.mongodb.net:27017, ac-9fcfmng-shard-00-01.rbqoldd.mongodb.net:27017, ac-9fcfmng-shard-00-00.rbqoldd.mongodb.net:27017], passives=[], arbiters=[], primary='ac-9fcfmng-shard-00-02.rbqoldd.mongodb.net:27017', tagSet=TagSet{[Tag{name='nodeType', value='ELECTABLE'}, Tag{name='provider', value='GCP'}, Tag{name='region', value='SOUTH_AMERICA_EAST_1'}, Tag{name='workloadType', value='OPERATIONAL'}]}, electionId=7fffffff0000000000000050, setVersion=7, topologyVersion=TopologyVersion{processId=62f11c32490acc0755c4bc62, counter=6}, lastWriteDate=Mon Aug 08 19:22:58 ART 2022, lastUpdateTimeNanos=584036546112600}
2022-08-08 19:22:50.821 [cluster-ClusterId{value='62f18cba5cd9465548c042f8', description='null'}-ac-9fcfmng-shard-00-01.rbqoldd.mongodb.net:27017] DEBUG org.mongodb.driver.connection - Marking the connection pool for ServerId{clusterId=ClusterId{value='62f18cba5cd9465548c042f8', description='null'}, address=ac-9fcfmng-shard-00-01.rbqoldd.mongodb.net:27017} as 'ready'
2022-08-08 19:22:50.821 [cluster-ClusterId{value='62f18cba5cd9465548c042f8', description='null'}-ac-9fcfmng-shard-00-01.rbqoldd.mongodb.net:27017] TRACE org.mongodb.driver.cluster - Handling description changed event for server ac-9fcfmng-shard-00-01.rbqoldd.mongodb.net:27017 with description ServerDescription{address=ac-9fcfmng-shard-00-01.rbqoldd.mongodb.net:27017, type=REPLICA_SET_SECONDARY, state=CONNECTED, ok=true, minWireVersion=0, maxWireVersion=13, maxDocumentSize=16777216, logicalSessionTimeoutMinutes=30, roundTripTimeNanos=112365300, setName='atlas-wtm6mu-shard-0', canonicalAddress=ac-9fcfmng-shard-00-01.rbqoldd.mongodb.net:27017, hosts=[ac-9fcfmng-shard-00-02.rbqoldd.mongodb.net:27017, ac-9fcfmng-shard-00-01.rbqoldd.mongodb.net:27017, ac-9fcfmng-shard-00-00.rbqoldd.mongodb.net:27017], passives=[], arbiters=[], primary='ac-9fcfmng-shard-00-02.rbqoldd.mongodb.net:27017', tagSet=TagSet{[Tag{name='nodeType', value='ELECTABLE'}, Tag{name='provider', value='GCP'}, Tag{name='region', value='SOUTH_AMERICA_EAST_1'}, Tag{name='workloadType', value='OPERATIONAL'}]}, electionId=null, setVersion=7, topologyVersion=TopologyVersion{processId=62f11ffb31cbc8e03d5fcbc3, counter=3}, lastWriteDate=Mon Aug 08 19:22:58 ART 2022, lastUpdateTimeNanos=584036546112500}
2022-08-08 19:22:50.821 [cluster-rtt-ClusterId{value='62f18cba5cd9465548c042f8', description='null'}-ac-9fcfmng-shard-00-00.rbqoldd.mongodb.net:27017] INFO  org.mongodb.driver.connection - Opened connection [connectionId{localValue:24, serverValue:158022}] to ac-9fcfmng-shard-00-00.rbqoldd.mongodb.net:27017
2022-08-08 19:22:50.822 [cluster-ClusterId{value='62f18cba5cd9465548c042f8', description='null'}-ac-9fcfmng-shard-00-01.rbqoldd.mongodb.net:27017] DEBUG org.mongodb.driver.cluster - Updating cluster description to  {type=REPLICA_SET, servers=[{address=ac-9fcfmng-shard-00-00.rbqoldd.mongodb.net:27017, type=REPLICA_SET_SECONDARY, TagSet{[Tag{name='nodeType', value='ELECTABLE'}, Tag{name='provider', value='GCP'}, Tag{name='region', value='SOUTH_AMERICA_EAST_1'}, Tag{name='workloadType', value='OPERATIONAL'}]}, roundTripTime=96.1 ms, state=CONNECTED}, {address=ac-9fcfmng-shard-00-01.rbqoldd.mongodb.net:27017, type=REPLICA_SET_SECONDARY, TagSet{[Tag{name='nodeType', value='ELECTABLE'}, Tag{name='provider', value='GCP'}, Tag{name='region', value='SOUTH_AMERICA_EAST_1'}, Tag{name='workloadType', value='OPERATIONAL'}]}, roundTripTime=112.4 ms, state=CONNECTED}, {address=ac-9fcfmng-shard-00-02.rbqoldd.mongodb.net:27017, type=UNKNOWN, state=CONNECTING}]
2022-08-08 19:22:50.822 [cluster-ClusterId{value='62f18cba5cd9465548c042f8', description='null'}-ac-9fcfmng-shard-00-01.rbqoldd.mongodb.net:27017] DEBUG org.mongodb.driver.cluster - Checking status of ac-9fcfmng-shard-00-01.rbqoldd.mongodb.net:27017
2022-08-08 19:22:50.822 [cluster-ClusterId{value='62f18cba5cd9465548c042f8', description='null'}-ac-9fcfmng-shard-00-02.rbqoldd.mongodb.net:27017] DEBUG org.mongodb.driver.connection - Marking the connection pool for ServerId{clusterId=ClusterId{value='62f18cba5cd9465548c042f8', description='null'}, address=ac-9fcfmng-shard-00-02.rbqoldd.mongodb.net:27017} as 'ready'
2022-08-08 19:22:50.822 [cluster-ClusterId{value='62f18cba5cd9465548c042f8', description='null'}-ac-9fcfmng-shard-00-02.rbqoldd.mongodb.net:27017] TRACE org.mongodb.driver.cluster - Handling description changed event for server ac-9fcfmng-shard-00-02.rbqoldd.mongodb.net:27017 with description ServerDescription{address=ac-9fcfmng-shard-00-02.rbqoldd.mongodb.net:27017, type=REPLICA_SET_PRIMARY, state=CONNECTED, ok=true, minWireVersion=0, maxWireVersion=13, maxDocumentSize=16777216, logicalSessionTimeoutMinutes=30, roundTripTimeNanos=110286000, setName='atlas-wtm6mu-shard-0', canonicalAddress=ac-9fcfmng-shard-00-02.rbqoldd.mongodb.net:27017, hosts=[ac-9fcfmng-shard-00-02.rbqoldd.mongodb.net:27017, ac-9fcfmng-shard-00-01.rbqoldd.mongodb.net:27017, ac-9fcfmng-shard-00-00.rbqoldd.mongodb.net:27017], passives=[], arbiters=[], primary='ac-9fcfmng-shard-00-02.rbqoldd.mongodb.net:27017', tagSet=TagSet{[Tag{name='nodeType', value='ELECTABLE'}, Tag{name='provider', value='GCP'}, Tag{name='region', value='SOUTH_AMERICA_EAST_1'}, Tag{name='workloadType', value='OPERATIONAL'}]}, electionId=7fffffff0000000000000050, setVersion=7, topologyVersion=TopologyVersion{processId=62f11c32490acc0755c4bc62, counter=6}, lastWriteDate=Mon Aug 08 19:22:58 ART 2022, lastUpdateTimeNanos=584036546112600}
2022-08-08 19:22:50.823 [MaintenanceTimer-13-thread-1] DEBUG org.mongodb.driver.connection - Pruning pooled connections to ac-9fcfmng-shard-00-02.rbqoldd.mongodb.net:27017
2022-08-08 19:22:50.823 [cluster-ClusterId{value='62f18cba5cd9465548c042f8', description='null'}-ac-9fcfmng-shard-00-02.rbqoldd.mongodb.net:27017] INFO  org.mongodb.driver.cluster - Setting max election id to 7fffffff0000000000000050 from replica set primary ac-9fcfmng-shard-00-02.rbqoldd.mongodb.net:27017
2022-08-08 19:22:50.823 [cluster-ClusterId{value='62f18cba5cd9465548c042f8', description='null'}-ac-9fcfmng-shard-00-02.rbqoldd.mongodb.net:27017] INFO  org.mongodb.driver.cluster - Setting max set version to 7 from replica set primary ac-9fcfmng-shard-00-02.rbqoldd.mongodb.net:27017
2022-08-08 19:22:50.823 [cluster-ClusterId{value='62f18cba5cd9465548c042f8', description='null'}-ac-9fcfmng-shard-00-02.rbqoldd.mongodb.net:27017] INFO  org.mongodb.driver.cluster - Discovered replica set primary ac-9fcfmng-shard-00-02.rbqoldd.mongodb.net:27017
2022-08-08 19:22:50.824 [cluster-ClusterId{value='62f18cba5cd9465548c042f8', description='null'}-ac-9fcfmng-shard-00-02.rbqoldd.mongodb.net:27017] DEBUG org.mongodb.driver.cluster - Updating cluster description to  {type=REPLICA_SET, servers=[{address=ac-9fcfmng-shard-00-00.rbqoldd.mongodb.net:27017, type=REPLICA_SET_SECONDARY, TagSet{[Tag{name='nodeType', value='ELECTABLE'}, Tag{name='provider', value='GCP'}, Tag{name='region', value='SOUTH_AMERICA_EAST_1'}, Tag{name='workloadType', value='OPERATIONAL'}]}, roundTripTime=96.1 ms, state=CONNECTED}, {address=ac-9fcfmng-shard-00-01.rbqoldd.mongodb.net:27017, type=REPLICA_SET_SECONDARY, TagSet{[Tag{name='nodeType', value='ELECTABLE'}, Tag{name='provider', value='GCP'}, Tag{name='region', value='SOUTH_AMERICA_EAST_1'}, Tag{name='workloadType', value='OPERATIONAL'}]}, roundTripTime=112.4 ms, state=CONNECTED}, {address=ac-9fcfmng-shard-00-02.rbqoldd.mongodb.net:27017, type=REPLICA_SET_PRIMARY, TagSet{[Tag{name='nodeType', value='ELECTABLE'}, Tag{name='provider', value='GCP'}, Tag{name='region', value='SOUTH_AMERICA_EAST_1'}, Tag{name='workloadType', value='OPERATIONAL'}]}, roundTripTime=110.3 ms, state=CONNECTED}]
2022-08-08 19:22:50.824 [cluster-ClusterId{value='62f18cba5cd9465548c042f8', description='null'}-ac-9fcfmng-shard-00-02.rbqoldd.mongodb.net:27017] DEBUG org.mongodb.driver.cluster - Checking status of ac-9fcfmng-shard-00-02.rbqoldd.mongodb.net:27017
2022-08-08 19:22:50.824 [MaintenanceTimer-11-thread-1] DEBUG org.mongodb.driver.connection - Pruning pooled connections to ac-9fcfmng-shard-00-01.rbqoldd.mongodb.net:27017
2022-08-08 19:22:51.067 [Test worker] INFO  org.mongodb.driver.connection - Opened connection [connectionId{localValue:28, serverValue:10025}] to ac-9fcfmng-shard-00-02.rbqoldd.mongodb.net:27017
2022-08-08 19:22:51.068 [Test worker] TRACE org.mongodb.driver.connection - Pooled connection connectionId{localValue:28, serverValue:10025} to server ServerId{clusterId=ClusterId{value='62f18cba5cd9465548c042f8', description='null'}, address=ac-9fcfmng-shard-00-02.rbqoldd.mongodb.net:27017} is now open
2022-08-08 19:22:51.068 [Test worker] DEBUG org.mongodb.driver.protocol.command - Sending command '{"find": "users", "filter": {}, "$db": "login", "lsid": {"id": {"$binary": {"base64": "fdtiRGjeQza3tqu7zphEbw==", "subType": "04"}}}, "apiVersion": "1"}' with request id 52 to database login on connection [connectionId{localValue:28, serverValue:10025}] to server ac-9fcfmng-shard-00-02.rbqoldd.mongodb.net:27017
2022-08-08 19:22:51.117 [Test worker] DEBUG org.mongodb.driver.protocol.command - Execution of command with request id 52 completed successfully in 48.51 ms on connection [connectionId{localValue:28, serverValue:10025}] to server ac-9fcfmng-shard-00-02.rbqoldd.mongodb.net:27017
2022-08-08 19:22:51.118 [Test worker] DEBUG org.mongodb.driver.operation - Received batch of 6 documents with cursorId 0 from server ac-9fcfmng-shard-00-02.rbqoldd.mongodb.net:27017
2022-08-08 19:22:51.118 [Test worker] TRACE org.mongodb.driver.connection - Checked in connection [connectionId{localValue:28, serverValue:10025}] to server ac-9fcfmng-shard-00-02.rbqoldd.mongodb.net:27017
2022-08-08 19:22:51.125 [Test worker] INFO  org.mongodb.driver.client - MongoClient with metadata {"driver": {"name": "mongo-java-driver|sync", "version": "4.7.0"}, "os": {"type": "Windows", "name": "Windows 10", "architecture": "amd64", "version": "10.0"}, "platform": "Java/Amazon.com Inc./17.0.3+6-LTS"} created with settings MongoClientSettings{readPreference=primary, writeConcern=WriteConcern{w=majority, wTimeout=null ms, journal=null}, retryWrites=true, retryReads=true, readConcern=ReadConcern{level=null}, credential=MongoCredential{mechanism=null, userName='root', source='admin', password=<hidden>, mechanismProperties=<hidden>}, streamFactoryFactory=null, commandListeners=[], codecRegistry=ProvidersCodecRegistry{codecProviders=[ValueCodecProvider{}, BsonValueCodecProvider{}, DBRefCodecProvider{}, DBObjectCodecProvider{}, DocumentCodecProvider{}, IterableCodecProvider{}, MapCodecProvider{}, GeoJsonCodecProvider{}, GridFSFileCodecProvider{}, Jsr310CodecProvider{}, JsonObjectCodecProvider{}, BsonCodecProvider{}, EnumCodecProvider{}, com.mongodb.Jep395RecordCodecProvider@15923407]}, clusterSettings={hosts=[127.0.0.1:27017], srvHost=topictwister.rbqoldd.mongodb.net, srvServiceName=mongodb, mode=MULTIPLE, requiredClusterType=REPLICA_SET, requiredReplicaSetName='atlas-wtm6mu-shard-0', serverSelector='null', clusterListeners='[]', serverSelectionTimeout='30000 ms', localThreshold='30000 ms'}, socketSettings=SocketSettings{connectTimeoutMS=10000, readTimeoutMS=0, receiveBufferSize=0, sendBufferSize=0}, heartbeatSocketSettings=SocketSettings{connectTimeoutMS=10000, readTimeoutMS=10000, receiveBufferSize=0, sendBufferSize=0}, connectionPoolSettings=ConnectionPoolSettings{maxSize=100, minSize=0, maxWaitTimeMS=120000, maxConnectionLifeTimeMS=0, maxConnectionIdleTimeMS=0, maintenanceInitialDelayMS=0, maintenanceFrequencyMS=60000, connectionPoolListeners=[], maxConnecting=2}, serverSettings=ServerSettings{heartbeatFrequencyMS=10000, minHeartbeatFrequencyMS=500, serverListeners='[]', serverMonitorListeners='[]'}, sslSettings=SslSettings{enabled=true, invalidHostNameAllowed=false, context=null}, applicationName='null', compressorList=[], uuidRepresentation=UNSPECIFIED, serverApi=ServerApi{version=V1, deprecationErrors=null, strict=null}, autoEncryptionSettings=null, contextProvider=null}
2022-08-08 19:22:51.125 [Test worker] INFO  org.mongodb.driver.cluster - Cluster description not yet available. Waiting for 30000 ms before timing out
2022-08-08 19:22:51.130 [cluster-ClusterId{value='62f18cbb5cd9465548c042f9', description='null'}-srv-topictwister.rbqoldd.mongodb.net] INFO  org.mongodb.driver.cluster - Adding discovered server ac-9fcfmng-shard-00-01.rbqoldd.mongodb.net:27017 to client view of cluster
2022-08-08 19:22:51.131 [cluster-ClusterId{value='62f18cbb5cd9465548c042f9', description='null'}-srv-topictwister.rbqoldd.mongodb.net] INFO  org.mongodb.driver.cluster - Adding discovered server ac-9fcfmng-shard-00-00.rbqoldd.mongodb.net:27017 to client view of cluster
2022-08-08 19:22:51.131 [cluster-ClusterId{value='62f18cbb5cd9465548c042f9', description='null'}-srv-topictwister.rbqoldd.mongodb.net] INFO  org.mongodb.driver.cluster - Adding discovered server ac-9fcfmng-shard-00-02.rbqoldd.mongodb.net:27017 to client view of cluster
2022-08-08 19:22:51.132 [cluster-ClusterId{value='62f18cbb5cd9465548c042f9', description='null'}-srv-topictwister.rbqoldd.mongodb.net] DEBUG org.mongodb.driver.cluster - Updating cluster description to  {type=REPLICA_SET, servers=[{address=ac-9fcfmng-shard-00-00.rbqoldd.mongodb.net:27017, type=UNKNOWN, state=CONNECTING}, {address=ac-9fcfmng-shard-00-01.rbqoldd.mongodb.net:27017, type=UNKNOWN, state=CONNECTING}, {address=ac-9fcfmng-shard-00-02.rbqoldd.mongodb.net:27017, type=UNKNOWN, state=CONNECTING}]
2022-08-08 19:22:51.132 [Test worker] INFO  org.mongodb.driver.cluster - No server chosen by com.mongodb.client.internal.MongoClientDelegate$1@793d163b from cluster description ClusterDescription{type=REPLICA_SET, connectionMode=MULTIPLE, serverDescriptions=[ServerDescription{address=ac-9fcfmng-shard-00-00.rbqoldd.mongodb.net:27017, type=UNKNOWN, state=CONNECTING}, ServerDescription{address=ac-9fcfmng-shard-00-01.rbqoldd.mongodb.net:27017, type=UNKNOWN, state=CONNECTING}, ServerDescription{address=ac-9fcfmng-shard-00-02.rbqoldd.mongodb.net:27017, type=UNKNOWN, state=CONNECTING}]}. Waiting for 30000 ms before timing out
2022-08-08 19:22:51.276 [cluster-ClusterId{value='62f18cbb5cd9465548c042f9', description='null'}-ac-9fcfmng-shard-00-01.rbqoldd.mongodb.net:27017] INFO  org.mongodb.driver.connection - Opened connection [connectionId{localValue:29, serverValue:9040}] to ac-9fcfmng-shard-00-01.rbqoldd.mongodb.net:27017
2022-08-08 19:22:51.277 [cluster-ClusterId{value='62f18cbb5cd9465548c042f9', description='null'}-ac-9fcfmng-shard-00-01.rbqoldd.mongodb.net:27017] INFO  org.mongodb.driver.cluster - Monitor thread successfully connected to server with description ServerDescription{address=ac-9fcfmng-shard-00-01.rbqoldd.mongodb.net:27017, type=REPLICA_SET_SECONDARY, state=CONNECTED, ok=true, minWireVersion=0, maxWireVersion=13, maxDocumentSize=16777216, logicalSessionTimeoutMinutes=30, roundTripTimeNanos=94699400, setName='atlas-wtm6mu-shard-0', canonicalAddress=ac-9fcfmng-shard-00-01.rbqoldd.mongodb.net:27017, hosts=[ac-9fcfmng-shard-00-02.rbqoldd.mongodb.net:27017, ac-9fcfmng-shard-00-01.rbqoldd.mongodb.net:27017, ac-9fcfmng-shard-00-00.rbqoldd.mongodb.net:27017], passives=[], arbiters=[], primary='ac-9fcfmng-shard-00-02.rbqoldd.mongodb.net:27017', tagSet=TagSet{[Tag{name='nodeType', value='ELECTABLE'}, Tag{name='provider', value='GCP'}, Tag{name='region', value='SOUTH_AMERICA_EAST_1'}, Tag{name='workloadType', value='OPERATIONAL'}]}, electionId=null, setVersion=7, topologyVersion=TopologyVersion{processId=62f11ffb31cbc8e03d5fcbc3, counter=3}, lastWriteDate=Mon Aug 08 19:22:58 ART 2022, lastUpdateTimeNanos=584037001884000}
2022-08-08 19:22:51.277 [cluster-ClusterId{value='62f18cbb5cd9465548c042f9', description='null'}-ac-9fcfmng-shard-00-01.rbqoldd.mongodb.net:27017] DEBUG org.mongodb.driver.connection - Marking the connection pool for ServerId{clusterId=ClusterId{value='62f18cbb5cd9465548c042f9', description='null'}, address=ac-9fcfmng-shard-00-01.rbqoldd.mongodb.net:27017} as 'ready'
2022-08-08 19:22:51.277 [cluster-ClusterId{value='62f18cbb5cd9465548c042f9', description='null'}-ac-9fcfmng-shard-00-01.rbqoldd.mongodb.net:27017] TRACE org.mongodb.driver.cluster - Handling description changed event for server ac-9fcfmng-shard-00-01.rbqoldd.mongodb.net:27017 with description ServerDescription{address=ac-9fcfmng-shard-00-01.rbqoldd.mongodb.net:27017, type=REPLICA_SET_SECONDARY, state=CONNECTED, ok=true, minWireVersion=0, maxWireVersion=13, maxDocumentSize=16777216, logicalSessionTimeoutMinutes=30, roundTripTimeNanos=94699400, setName='atlas-wtm6mu-shard-0', canonicalAddress=ac-9fcfmng-shard-00-01.rbqoldd.mongodb.net:27017, hosts=[ac-9fcfmng-shard-00-02.rbqoldd.mongodb.net:27017, ac-9fcfmng-shard-00-01.rbqoldd.mongodb.net:27017, ac-9fcfmng-shard-00-00.rbqoldd.mongodb.net:27017], passives=[], arbiters=[], primary='ac-9fcfmng-shard-00-02.rbqoldd.mongodb.net:27017', tagSet=TagSet{[Tag{name='nodeType', value='ELECTABLE'}, Tag{name='provider', value='GCP'}, Tag{name='region', value='SOUTH_AMERICA_EAST_1'}, Tag{name='workloadType', value='OPERATIONAL'}]}, electionId=null, setVersion=7, topologyVersion=TopologyVersion{processId=62f11ffb31cbc8e03d5fcbc3, counter=3}, lastWriteDate=Mon Aug 08 19:22:58 ART 2022, lastUpdateTimeNanos=584037001884000}
2022-08-08 19:22:51.277 [MaintenanceTimer-14-thread-1] DEBUG org.mongodb.driver.connection - Pruning pooled connections to ac-9fcfmng-shard-00-01.rbqoldd.mongodb.net:27017
2022-08-08 19:22:51.277 [cluster-ClusterId{value='62f18cbb5cd9465548c042f9', description='null'}-ac-9fcfmng-shard-00-01.rbqoldd.mongodb.net:27017] DEBUG org.mongodb.driver.cluster - Updating cluster description to  {type=REPLICA_SET, servers=[{address=ac-9fcfmng-shard-00-00.rbqoldd.mongodb.net:27017, type=UNKNOWN, state=CONNECTING}, {address=ac-9fcfmng-shard-00-01.rbqoldd.mongodb.net:27017, type=REPLICA_SET_SECONDARY, TagSet{[Tag{name='nodeType', value='ELECTABLE'}, Tag{name='provider', value='GCP'}, Tag{name='region', value='SOUTH_AMERICA_EAST_1'}, Tag{name='workloadType', value='OPERATIONAL'}]}, roundTripTime=94.7 ms, state=CONNECTED}, {address=ac-9fcfmng-shard-00-02.rbqoldd.mongodb.net:27017, type=UNKNOWN, state=CONNECTING}]
2022-08-08 19:22:51.277 [cluster-ClusterId{value='62f18cbb5cd9465548c042f9', description='null'}-ac-9fcfmng-shard-00-01.rbqoldd.mongodb.net:27017] DEBUG org.mongodb.driver.cluster - Checking status of ac-9fcfmng-shard-00-01.rbqoldd.mongodb.net:27017
2022-08-08 19:22:51.278 [Test worker] INFO  org.mongodb.driver.cluster - No server chosen by ReadPreferenceServerSelector{readPreference=primary} from cluster description ClusterDescription{type=REPLICA_SET, connectionMode=MULTIPLE, serverDescriptions=[ServerDescription{address=ac-9fcfmng-shard-00-00.rbqoldd.mongodb.net:27017, type=UNKNOWN, state=CONNECTING}, ServerDescription{address=ac-9fcfmng-shard-00-01.rbqoldd.mongodb.net:27017, type=REPLICA_SET_SECONDARY, state=CONNECTED, ok=true, minWireVersion=0, maxWireVersion=13, maxDocumentSize=16777216, logicalSessionTimeoutMinutes=30, roundTripTimeNanos=94699400, setName='atlas-wtm6mu-shard-0', canonicalAddress=ac-9fcfmng-shard-00-01.rbqoldd.mongodb.net:27017, hosts=[ac-9fcfmng-shard-00-02.rbqoldd.mongodb.net:27017, ac-9fcfmng-shard-00-01.rbqoldd.mongodb.net:27017, ac-9fcfmng-shard-00-00.rbqoldd.mongodb.net:27017], passives=[], arbiters=[], primary='ac-9fcfmng-shard-00-02.rbqoldd.mongodb.net:27017', tagSet=TagSet{[Tag{name='nodeType', value='ELECTABLE'}, Tag{name='provider', value='GCP'}, Tag{name='region', value='SOUTH_AMERICA_EAST_1'}, Tag{name='workloadType', value='OPERATIONAL'}]}, electionId=null, setVersion=7, topologyVersion=TopologyVersion{processId=62f11ffb31cbc8e03d5fcbc3, counter=3}, lastWriteDate=Mon Aug 08 19:22:58 ART 2022, lastUpdateTimeNanos=584037001884000}, ServerDescription{address=ac-9fcfmng-shard-00-02.rbqoldd.mongodb.net:27017, type=UNKNOWN, state=CONNECTING}]}. Waiting for 30000 ms before timing out
2022-08-08 19:22:51.279 [cluster-ClusterId{value='62f18cbb5cd9465548c042f9', description='null'}-ac-9fcfmng-shard-00-02.rbqoldd.mongodb.net:27017] INFO  org.mongodb.driver.connection - Opened connection [connectionId{localValue:31, serverValue:10070}] to ac-9fcfmng-shard-00-02.rbqoldd.mongodb.net:27017
2022-08-08 19:22:51.280 [cluster-ClusterId{value='62f18cbb5cd9465548c042f9', description='null'}-ac-9fcfmng-shard-00-02.rbqoldd.mongodb.net:27017] INFO  org.mongodb.driver.cluster - Monitor thread successfully connected to server with description ServerDescription{address=ac-9fcfmng-shard-00-02.rbqoldd.mongodb.net:27017, type=REPLICA_SET_PRIMARY, state=CONNECTED, ok=true, minWireVersion=0, maxWireVersion=13, maxDocumentSize=16777216, logicalSessionTimeoutMinutes=30, roundTripTimeNanos=96760700, setName='atlas-wtm6mu-shard-0', canonicalAddress=ac-9fcfmng-shard-00-02.rbqoldd.mongodb.net:27017, hosts=[ac-9fcfmng-shard-00-02.rbqoldd.mongodb.net:27017, ac-9fcfmng-shard-00-01.rbqoldd.mongodb.net:27017, ac-9fcfmng-shard-00-00.rbqoldd.mongodb.net:27017], passives=[], arbiters=[], primary='ac-9fcfmng-shard-00-02.rbqoldd.mongodb.net:27017', tagSet=TagSet{[Tag{name='nodeType', value='ELECTABLE'}, Tag{name='provider', value='GCP'}, Tag{name='region', value='SOUTH_AMERICA_EAST_1'}, Tag{name='workloadType', value='OPERATIONAL'}]}, electionId=7fffffff0000000000000050, setVersion=7, topologyVersion=TopologyVersion{processId=62f11c32490acc0755c4bc62, counter=6}, lastWriteDate=Mon Aug 08 19:22:58 ART 2022, lastUpdateTimeNanos=584037004649500}
2022-08-08 19:22:51.280 [cluster-ClusterId{value='62f18cbb5cd9465548c042f9', description='null'}-ac-9fcfmng-shard-00-02.rbqoldd.mongodb.net:27017] DEBUG org.mongodb.driver.connection - Marking the connection pool for ServerId{clusterId=ClusterId{value='62f18cbb5cd9465548c042f9', description='null'}, address=ac-9fcfmng-shard-00-02.rbqoldd.mongodb.net:27017} as 'ready'
2022-08-08 19:22:51.280 [cluster-ClusterId{value='62f18cbb5cd9465548c042f9', description='null'}-ac-9fcfmng-shard-00-02.rbqoldd.mongodb.net:27017] TRACE org.mongodb.driver.cluster - Handling description changed event for server ac-9fcfmng-shard-00-02.rbqoldd.mongodb.net:27017 with description ServerDescription{address=ac-9fcfmng-shard-00-02.rbqoldd.mongodb.net:27017, type=REPLICA_SET_PRIMARY, state=CONNECTED, ok=true, minWireVersion=0, maxWireVersion=13, maxDocumentSize=16777216, logicalSessionTimeoutMinutes=30, roundTripTimeNanos=96760700, setName='atlas-wtm6mu-shard-0', canonicalAddress=ac-9fcfmng-shard-00-02.rbqoldd.mongodb.net:27017, hosts=[ac-9fcfmng-shard-00-02.rbqoldd.mongodb.net:27017, ac-9fcfmng-shard-00-01.rbqoldd.mongodb.net:27017, ac-9fcfmng-shard-00-00.rbqoldd.mongodb.net:27017], passives=[], arbiters=[], primary='ac-9fcfmng-shard-00-02.rbqoldd.mongodb.net:27017', tagSet=TagSet{[Tag{name='nodeType', value='ELECTABLE'}, Tag{name='provider', value='GCP'}, Tag{name='region', value='SOUTH_AMERICA_EAST_1'}, Tag{name='workloadType', value='OPERATIONAL'}]}, electionId=7fffffff0000000000000050, setVersion=7, topologyVersion=TopologyVersion{processId=62f11c32490acc0755c4bc62, counter=6}, lastWriteDate=Mon Aug 08 19:22:58 ART 2022, lastUpdateTimeNanos=584037004649500}
2022-08-08 19:22:51.280 [MaintenanceTimer-16-thread-1] DEBUG org.mongodb.driver.connection - Pruning pooled connections to ac-9fcfmng-shard-00-02.rbqoldd.mongodb.net:27017
2022-08-08 19:22:51.280 [cluster-ClusterId{value='62f18cbb5cd9465548c042f9', description='null'}-ac-9fcfmng-shard-00-02.rbqoldd.mongodb.net:27017] INFO  org.mongodb.driver.cluster - Setting max election id to 7fffffff0000000000000050 from replica set primary ac-9fcfmng-shard-00-02.rbqoldd.mongodb.net:27017
2022-08-08 19:22:51.280 [cluster-ClusterId{value='62f18cbb5cd9465548c042f9', description='null'}-ac-9fcfmng-shard-00-02.rbqoldd.mongodb.net:27017] INFO  org.mongodb.driver.cluster - Setting max set version to 7 from replica set primary ac-9fcfmng-shard-00-02.rbqoldd.mongodb.net:27017
2022-08-08 19:22:51.280 [cluster-ClusterId{value='62f18cbb5cd9465548c042f9', description='null'}-ac-9fcfmng-shard-00-02.rbqoldd.mongodb.net:27017] INFO  org.mongodb.driver.cluster - Discovered replica set primary ac-9fcfmng-shard-00-02.rbqoldd.mongodb.net:27017
2022-08-08 19:22:51.280 [cluster-ClusterId{value='62f18cbb5cd9465548c042f9', description='null'}-ac-9fcfmng-shard-00-02.rbqoldd.mongodb.net:27017] DEBUG org.mongodb.driver.cluster - Updating cluster description to  {type=REPLICA_SET, servers=[{address=ac-9fcfmng-shard-00-00.rbqoldd.mongodb.net:27017, type=UNKNOWN, state=CONNECTING}, {address=ac-9fcfmng-shard-00-01.rbqoldd.mongodb.net:27017, type=REPLICA_SET_SECONDARY, TagSet{[Tag{name='nodeType', value='ELECTABLE'}, Tag{name='provider', value='GCP'}, Tag{name='region', value='SOUTH_AMERICA_EAST_1'}, Tag{name='workloadType', value='OPERATIONAL'}]}, roundTripTime=94.7 ms, state=CONNECTED}, {address=ac-9fcfmng-shard-00-02.rbqoldd.mongodb.net:27017, type=REPLICA_SET_PRIMARY, TagSet{[Tag{name='nodeType', value='ELECTABLE'}, Tag{name='provider', value='GCP'}, Tag{name='region', value='SOUTH_AMERICA_EAST_1'}, Tag{name='workloadType', value='OPERATIONAL'}]}, roundTripTime=96.8 ms, state=CONNECTED}]
2022-08-08 19:22:51.280 [cluster-ClusterId{value='62f18cbb5cd9465548c042f9', description='null'}-ac-9fcfmng-shard-00-02.rbqoldd.mongodb.net:27017] DEBUG org.mongodb.driver.cluster - Checking status of ac-9fcfmng-shard-00-02.rbqoldd.mongodb.net:27017
2022-08-08 19:22:51.282 [cluster-rtt-ClusterId{value='62f18cbb5cd9465548c042f9', description='null'}-ac-9fcfmng-shard-00-00.rbqoldd.mongodb.net:27017] INFO  org.mongodb.driver.connection - Opened connection [connectionId{localValue:34, serverValue:158025}] to ac-9fcfmng-shard-00-00.rbqoldd.mongodb.net:27017
2022-08-08 19:22:51.290 [cluster-rtt-ClusterId{value='62f18cbb5cd9465548c042f9', description='null'}-ac-9fcfmng-shard-00-01.rbqoldd.mongodb.net:27017] INFO  org.mongodb.driver.connection - Opened connection [connectionId{localValue:30, serverValue:9040}] to ac-9fcfmng-shard-00-01.rbqoldd.mongodb.net:27017
2022-08-08 19:22:51.295 [cluster-rtt-ClusterId{value='62f18cbb5cd9465548c042f9', description='null'}-ac-9fcfmng-shard-00-02.rbqoldd.mongodb.net:27017] INFO  org.mongodb.driver.connection - Opened connection [connectionId{localValue:32, serverValue:10070}] to ac-9fcfmng-shard-00-02.rbqoldd.mongodb.net:27017
2022-08-08 19:22:51.298 [cluster-ClusterId{value='62f18cbb5cd9465548c042f9', description='null'}-ac-9fcfmng-shard-00-00.rbqoldd.mongodb.net:27017] INFO  org.mongodb.driver.connection - Opened connection [connectionId{localValue:33, serverValue:158025}] to ac-9fcfmng-shard-00-00.rbqoldd.mongodb.net:27017
2022-08-08 19:22:51.298 [cluster-ClusterId{value='62f18cbb5cd9465548c042f9', description='null'}-ac-9fcfmng-shard-00-00.rbqoldd.mongodb.net:27017] INFO  org.mongodb.driver.cluster - Monitor thread successfully connected to server with description ServerDescription{address=ac-9fcfmng-shard-00-00.rbqoldd.mongodb.net:27017, type=REPLICA_SET_SECONDARY, state=CONNECTED, ok=true, minWireVersion=0, maxWireVersion=13, maxDocumentSize=16777216, logicalSessionTimeoutMinutes=30, roundTripTimeNanos=112957000, setName='atlas-wtm6mu-shard-0', canonicalAddress=ac-9fcfmng-shard-00-00.rbqoldd.mongodb.net:27017, hosts=[ac-9fcfmng-shard-00-02.rbqoldd.mongodb.net:27017, ac-9fcfmng-shard-00-01.rbqoldd.mongodb.net:27017, ac-9fcfmng-shard-00-00.rbqoldd.mongodb.net:27017], passives=[], arbiters=[], primary='ac-9fcfmng-shard-00-02.rbqoldd.mongodb.net:27017', tagSet=TagSet{[Tag{name='nodeType', value='ELECTABLE'}, Tag{name='provider', value='GCP'}, Tag{name='region', value='SOUTH_AMERICA_EAST_1'}, Tag{name='workloadType', value='OPERATIONAL'}]}, electionId=null, setVersion=7, topologyVersion=TopologyVersion{processId=62e92f24b4aa7ac8428beb20, counter=5}, lastWriteDate=Mon Aug 08 19:22:58 ART 2022, lastUpdateTimeNanos=584037023636700}
2022-08-08 19:22:51.299 [cluster-ClusterId{value='62f18cbb5cd9465548c042f9', description='null'}-ac-9fcfmng-shard-00-00.rbqoldd.mongodb.net:27017] DEBUG org.mongodb.driver.connection - Marking the connection pool for ServerId{clusterId=ClusterId{value='62f18cbb5cd9465548c042f9', description='null'}, address=ac-9fcfmng-shard-00-00.rbqoldd.mongodb.net:27017} as 'ready'
2022-08-08 19:22:51.299 [MaintenanceTimer-15-thread-1] DEBUG org.mongodb.driver.connection - Pruning pooled connections to ac-9fcfmng-shard-00-00.rbqoldd.mongodb.net:27017
2022-08-08 19:22:51.299 [cluster-ClusterId{value='62f18cbb5cd9465548c042f9', description='null'}-ac-9fcfmng-shard-00-00.rbqoldd.mongodb.net:27017] TRACE org.mongodb.driver.cluster - Handling description changed event for server ac-9fcfmng-shard-00-00.rbqoldd.mongodb.net:27017 with description ServerDescription{address=ac-9fcfmng-shard-00-00.rbqoldd.mongodb.net:27017, type=REPLICA_SET_SECONDARY, state=CONNECTED, ok=true, minWireVersion=0, maxWireVersion=13, maxDocumentSize=16777216, logicalSessionTimeoutMinutes=30, roundTripTimeNanos=112957000, setName='atlas-wtm6mu-shard-0', canonicalAddress=ac-9fcfmng-shard-00-00.rbqoldd.mongodb.net:27017, hosts=[ac-9fcfmng-shard-00-02.rbqoldd.mongodb.net:27017, ac-9fcfmng-shard-00-01.rbqoldd.mongodb.net:27017, ac-9fcfmng-shard-00-00.rbqoldd.mongodb.net:27017], passives=[], arbiters=[], primary='ac-9fcfmng-shard-00-02.rbqoldd.mongodb.net:27017', tagSet=TagSet{[Tag{name='nodeType', value='ELECTABLE'}, Tag{name='provider', value='GCP'}, Tag{name='region', value='SOUTH_AMERICA_EAST_1'}, Tag{name='workloadType', value='OPERATIONAL'}]}, electionId=null, setVersion=7, topologyVersion=TopologyVersion{processId=62e92f24b4aa7ac8428beb20, counter=5}, lastWriteDate=Mon Aug 08 19:22:58 ART 2022, lastUpdateTimeNanos=584037023636700}
2022-08-08 19:22:51.299 [cluster-ClusterId{value='62f18cbb5cd9465548c042f9', description='null'}-ac-9fcfmng-shard-00-00.rbqoldd.mongodb.net:27017] DEBUG org.mongodb.driver.cluster - Updating cluster description to  {type=REPLICA_SET, servers=[{address=ac-9fcfmng-shard-00-00.rbqoldd.mongodb.net:27017, type=REPLICA_SET_SECONDARY, TagSet{[Tag{name='nodeType', value='ELECTABLE'}, Tag{name='provider', value='GCP'}, Tag{name='region', value='SOUTH_AMERICA_EAST_1'}, Tag{name='workloadType', value='OPERATIONAL'}]}, roundTripTime=113.0 ms, state=CONNECTED}, {address=ac-9fcfmng-shard-00-01.rbqoldd.mongodb.net:27017, type=REPLICA_SET_SECONDARY, TagSet{[Tag{name='nodeType', value='ELECTABLE'}, Tag{name='provider', value='GCP'}, Tag{name='region', value='SOUTH_AMERICA_EAST_1'}, Tag{name='workloadType', value='OPERATIONAL'}]}, roundTripTime=94.7 ms, state=CONNECTED}, {address=ac-9fcfmng-shard-00-02.rbqoldd.mongodb.net:27017, type=REPLICA_SET_PRIMARY, TagSet{[Tag{name='nodeType', value='ELECTABLE'}, Tag{name='provider', value='GCP'}, Tag{name='region', value='SOUTH_AMERICA_EAST_1'}, Tag{name='workloadType', value='OPERATIONAL'}]}, roundTripTime=96.8 ms, state=CONNECTED}]
2022-08-08 19:22:51.299 [cluster-ClusterId{value='62f18cbb5cd9465548c042f9', description='null'}-ac-9fcfmng-shard-00-00.rbqoldd.mongodb.net:27017] DEBUG org.mongodb.driver.cluster - Checking status of ac-9fcfmng-shard-00-00.rbqoldd.mongodb.net:27017
2022-08-08 19:22:51.521 [Test worker] INFO  org.mongodb.driver.connection - Opened connection [connectionId{localValue:35, serverValue:10073}] to ac-9fcfmng-shard-00-02.rbqoldd.mongodb.net:27017
2022-08-08 19:22:51.521 [Test worker] TRACE org.mongodb.driver.connection - Pooled connection connectionId{localValue:35, serverValue:10073} to server ServerId{clusterId=ClusterId{value='62f18cbb5cd9465548c042f9', description='null'}, address=ac-9fcfmng-shard-00-02.rbqoldd.mongodb.net:27017} is now open
2022-08-08 19:22:51.521 [Test worker] DEBUG org.mongodb.driver.protocol.command - Sending command '{"find": "users", "filter": {}, "$db": "login", "lsid": {"id": {"$binary": {"base64": "IBYNJcwJR+qyu2nr0e61Nw==", "subType": "04"}}}, "apiVersion": "1"}' with request id 65 to database login on connection [connectionId{localValue:35, serverValue:10073}] to server ac-9fcfmng-shard-00-02.rbqoldd.mongodb.net:27017
2022-08-08 19:22:51.569 [Test worker] DEBUG org.mongodb.driver.protocol.command - Execution of command with request id 65 completed successfully in 47.68 ms on connection [connectionId{localValue:35, serverValue:10073}] to server ac-9fcfmng-shard-00-02.rbqoldd.mongodb.net:27017
2022-08-08 19:22:51.569 [Test worker] DEBUG org.mongodb.driver.operation - Received batch of 6 documents with cursorId 0 from server ac-9fcfmng-shard-00-02.rbqoldd.mongodb.net:27017
2022-08-08 19:22:51.569 [Test worker] TRACE org.mongodb.driver.connection - Checked in connection [connectionId{localValue:35, serverValue:10073}] to server ac-9fcfmng-shard-00-02.rbqoldd.mongodb.net:27017
2022-08-08 19:22:51.575 [Test worker] INFO  org.mongodb.driver.client - MongoClient with metadata {"driver": {"name": "mongo-java-driver|sync", "version": "4.7.0"}, "os": {"type": "Windows", "name": "Windows 10", "architecture": "amd64", "version": "10.0"}, "platform": "Java/Amazon.com Inc./17.0.3+6-LTS"} created with settings MongoClientSettings{readPreference=primary, writeConcern=WriteConcern{w=majority, wTimeout=null ms, journal=null}, retryWrites=true, retryReads=true, readConcern=ReadConcern{level=null}, credential=MongoCredential{mechanism=null, userName='root', source='admin', password=<hidden>, mechanismProperties=<hidden>}, streamFactoryFactory=null, commandListeners=[], codecRegistry=ProvidersCodecRegistry{codecProviders=[ValueCodecProvider{}, BsonValueCodecProvider{}, DBRefCodecProvider{}, DBObjectCodecProvider{}, DocumentCodecProvider{}, IterableCodecProvider{}, MapCodecProvider{}, GeoJsonCodecProvider{}, GridFSFileCodecProvider{}, Jsr310CodecProvider{}, JsonObjectCodecProvider{}, BsonCodecProvider{}, EnumCodecProvider{}, com.mongodb.Jep395RecordCodecProvider@15923407]}, clusterSettings={hosts=[127.0.0.1:27017], srvHost=topictwister.rbqoldd.mongodb.net, srvServiceName=mongodb, mode=MULTIPLE, requiredClusterType=REPLICA_SET, requiredReplicaSetName='atlas-wtm6mu-shard-0', serverSelector='null', clusterListeners='[]', serverSelectionTimeout='30000 ms', localThreshold='30000 ms'}, socketSettings=SocketSettings{connectTimeoutMS=10000, readTimeoutMS=0, receiveBufferSize=0, sendBufferSize=0}, heartbeatSocketSettings=SocketSettings{connectTimeoutMS=10000, readTimeoutMS=10000, receiveBufferSize=0, sendBufferSize=0}, connectionPoolSettings=ConnectionPoolSettings{maxSize=100, minSize=0, maxWaitTimeMS=120000, maxConnectionLifeTimeMS=0, maxConnectionIdleTimeMS=0, maintenanceInitialDelayMS=0, maintenanceFrequencyMS=60000, connectionPoolListeners=[], maxConnecting=2}, serverSettings=ServerSettings{heartbeatFrequencyMS=10000, minHeartbeatFrequencyMS=500, serverListeners='[]', serverMonitorListeners='[]'}, sslSettings=SslSettings{enabled=true, invalidHostNameAllowed=false, context=null}, applicationName='null', compressorList=[], uuidRepresentation=UNSPECIFIED, serverApi=ServerApi{version=V1, deprecationErrors=null, strict=null}, autoEncryptionSettings=null, contextProvider=null}
2022-08-08 19:22:51.576 [Test worker] INFO  org.mongodb.driver.cluster - Cluster description not yet available. Waiting for 30000 ms before timing out
2022-08-08 19:22:51.579 [cluster-ClusterId{value='62f18cbb5cd9465548c042fa', description='null'}-srv-topictwister.rbqoldd.mongodb.net] INFO  org.mongodb.driver.cluster - Adding discovered server ac-9fcfmng-shard-00-01.rbqoldd.mongodb.net:27017 to client view of cluster
2022-08-08 19:22:51.580 [cluster-ClusterId{value='62f18cbb5cd9465548c042fa', description='null'}-srv-topictwister.rbqoldd.mongodb.net] INFO  org.mongodb.driver.cluster - Adding discovered server ac-9fcfmng-shard-00-00.rbqoldd.mongodb.net:27017 to client view of cluster
2022-08-08 19:22:51.580 [cluster-ClusterId{value='62f18cbb5cd9465548c042fa', description='null'}-srv-topictwister.rbqoldd.mongodb.net] INFO  org.mongodb.driver.cluster - Adding discovered server ac-9fcfmng-shard-00-02.rbqoldd.mongodb.net:27017 to client view of cluster
2022-08-08 19:22:51.581 [cluster-ClusterId{value='62f18cbb5cd9465548c042fa', description='null'}-srv-topictwister.rbqoldd.mongodb.net] DEBUG org.mongodb.driver.cluster - Updating cluster description to  {type=REPLICA_SET, servers=[{address=ac-9fcfmng-shard-00-00.rbqoldd.mongodb.net:27017, type=UNKNOWN, state=CONNECTING}, {address=ac-9fcfmng-shard-00-01.rbqoldd.mongodb.net:27017, type=UNKNOWN, state=CONNECTING}, {address=ac-9fcfmng-shard-00-02.rbqoldd.mongodb.net:27017, type=UNKNOWN, state=CONNECTING}]
2022-08-08 19:22:51.581 [Test worker] INFO  org.mongodb.driver.cluster - No server chosen by com.mongodb.client.internal.MongoClientDelegate$1@60dd0587 from cluster description ClusterDescription{type=REPLICA_SET, connectionMode=MULTIPLE, serverDescriptions=[ServerDescription{address=ac-9fcfmng-shard-00-00.rbqoldd.mongodb.net:27017, type=UNKNOWN, state=CONNECTING}, ServerDescription{address=ac-9fcfmng-shard-00-01.rbqoldd.mongodb.net:27017, type=UNKNOWN, state=CONNECTING}, ServerDescription{address=ac-9fcfmng-shard-00-02.rbqoldd.mongodb.net:27017, type=UNKNOWN, state=CONNECTING}]}. Waiting for 30000 ms before timing out
2022-08-08 19:22:51.718 [cluster-ClusterId{value='62f18cbb5cd9465548c042fa', description='null'}-ac-9fcfmng-shard-00-01.rbqoldd.mongodb.net:27017] INFO  org.mongodb.driver.connection - Opened connection [connectionId{localValue:36, serverValue:9037}] to ac-9fcfmng-shard-00-01.rbqoldd.mongodb.net:27017
2022-08-08 19:22:51.718 [cluster-ClusterId{value='62f18cbb5cd9465548c042fa', description='null'}-ac-9fcfmng-shard-00-01.rbqoldd.mongodb.net:27017] INFO  org.mongodb.driver.cluster - Monitor thread successfully connected to server with description ServerDescription{address=ac-9fcfmng-shard-00-01.rbqoldd.mongodb.net:27017, type=REPLICA_SET_SECONDARY, state=CONNECTED, ok=true, minWireVersion=0, maxWireVersion=13, maxDocumentSize=16777216, logicalSessionTimeoutMinutes=30, roundTripTimeNanos=92842300, setName='atlas-wtm6mu-shard-0', canonicalAddress=ac-9fcfmng-shard-00-01.rbqoldd.mongodb.net:27017, hosts=[ac-9fcfmng-shard-00-02.rbqoldd.mongodb.net:27017, ac-9fcfmng-shard-00-01.rbqoldd.mongodb.net:27017, ac-9fcfmng-shard-00-00.rbqoldd.mongodb.net:27017], passives=[], arbiters=[], primary='ac-9fcfmng-shard-00-02.rbqoldd.mongodb.net:27017', tagSet=TagSet{[Tag{name='nodeType', value='ELECTABLE'}, Tag{name='provider', value='GCP'}, Tag{name='region', value='SOUTH_AMERICA_EAST_1'}, Tag{name='workloadType', value='OPERATIONAL'}]}, electionId=null, setVersion=7, topologyVersion=TopologyVersion{processId=62f11ffb31cbc8e03d5fcbc3, counter=3}, lastWriteDate=Mon Aug 08 19:22:59 ART 2022, lastUpdateTimeNanos=584037443129100}
2022-08-08 19:22:51.718 [cluster-ClusterId{value='62f18cbb5cd9465548c042fa', description='null'}-ac-9fcfmng-shard-00-01.rbqoldd.mongodb.net:27017] DEBUG org.mongodb.driver.connection - Marking the connection pool for ServerId{clusterId=ClusterId{value='62f18cbb5cd9465548c042fa', description='null'}, address=ac-9fcfmng-shard-00-01.rbqoldd.mongodb.net:27017} as 'ready'
2022-08-08 19:22:51.718 [cluster-ClusterId{value='62f18cbb5cd9465548c042fa', description='null'}-ac-9fcfmng-shard-00-01.rbqoldd.mongodb.net:27017] TRACE org.mongodb.driver.cluster - Handling description changed event for server ac-9fcfmng-shard-00-01.rbqoldd.mongodb.net:27017 with description ServerDescription{address=ac-9fcfmng-shard-00-01.rbqoldd.mongodb.net:27017, type=REPLICA_SET_SECONDARY, state=CONNECTED, ok=true, minWireVersion=0, maxWireVersion=13, maxDocumentSize=16777216, logicalSessionTimeoutMinutes=30, roundTripTimeNanos=92842300, setName='atlas-wtm6mu-shard-0', canonicalAddress=ac-9fcfmng-shard-00-01.rbqoldd.mongodb.net:27017, hosts=[ac-9fcfmng-shard-00-02.rbqoldd.mongodb.net:27017, ac-9fcfmng-shard-00-01.rbqoldd.mongodb.net:27017, ac-9fcfmng-shard-00-00.rbqoldd.mongodb.net:27017], passives=[], arbiters=[], primary='ac-9fcfmng-shard-00-02.rbqoldd.mongodb.net:27017', tagSet=TagSet{[Tag{name='nodeType', value='ELECTABLE'}, Tag{name='provider', value='GCP'}, Tag{name='region', value='SOUTH_AMERICA_EAST_1'}, Tag{name='workloadType', value='OPERATIONAL'}]}, electionId=null, setVersion=7, topologyVersion=TopologyVersion{processId=62f11ffb31cbc8e03d5fcbc3, counter=3}, lastWriteDate=Mon Aug 08 19:22:59 ART 2022, lastUpdateTimeNanos=584037443129100}
2022-08-08 19:22:51.718 [MaintenanceTimer-17-thread-1] DEBUG org.mongodb.driver.connection - Pruning pooled connections to ac-9fcfmng-shard-00-01.rbqoldd.mongodb.net:27017
2022-08-08 19:22:51.718 [cluster-ClusterId{value='62f18cbb5cd9465548c042fa', description='null'}-ac-9fcfmng-shard-00-01.rbqoldd.mongodb.net:27017] DEBUG org.mongodb.driver.cluster - Updating cluster description to  {type=REPLICA_SET, servers=[{address=ac-9fcfmng-shard-00-00.rbqoldd.mongodb.net:27017, type=UNKNOWN, state=CONNECTING}, {address=ac-9fcfmng-shard-00-01.rbqoldd.mongodb.net:27017, type=REPLICA_SET_SECONDARY, TagSet{[Tag{name='nodeType', value='ELECTABLE'}, Tag{name='provider', value='GCP'}, Tag{name='region', value='SOUTH_AMERICA_EAST_1'}, Tag{name='workloadType', value='OPERATIONAL'}]}, roundTripTime=92.8 ms, state=CONNECTED}, {address=ac-9fcfmng-shard-00-02.rbqoldd.mongodb.net:27017, type=UNKNOWN, state=CONNECTING}]
2022-08-08 19:22:51.718 [cluster-ClusterId{value='62f18cbb5cd9465548c042fa', description='null'}-ac-9fcfmng-shard-00-01.rbqoldd.mongodb.net:27017] DEBUG org.mongodb.driver.cluster - Checking status of ac-9fcfmng-shard-00-01.rbqoldd.mongodb.net:27017
2022-08-08 19:22:51.719 [Test worker] INFO  org.mongodb.driver.cluster - No server chosen by ReadPreferenceServerSelector{readPreference=primary} from cluster description ClusterDescription{type=REPLICA_SET, connectionMode=MULTIPLE, serverDescriptions=[ServerDescription{address=ac-9fcfmng-shard-00-00.rbqoldd.mongodb.net:27017, type=UNKNOWN, state=CONNECTING}, ServerDescription{address=ac-9fcfmng-shard-00-01.rbqoldd.mongodb.net:27017, type=REPLICA_SET_SECONDARY, state=CONNECTED, ok=true, minWireVersion=0, maxWireVersion=13, maxDocumentSize=16777216, logicalSessionTimeoutMinutes=30, roundTripTimeNanos=92842300, setName='atlas-wtm6mu-shard-0', canonicalAddress=ac-9fcfmng-shard-00-01.rbqoldd.mongodb.net:27017, hosts=[ac-9fcfmng-shard-00-02.rbqoldd.mongodb.net:27017, ac-9fcfmng-shard-00-01.rbqoldd.mongodb.net:27017, ac-9fcfmng-shard-00-00.rbqoldd.mongodb.net:27017], passives=[], arbiters=[], primary='ac-9fcfmng-shard-00-02.rbqoldd.mongodb.net:27017', tagSet=TagSet{[Tag{name='nodeType', value='ELECTABLE'}, Tag{name='provider', value='GCP'}, Tag{name='region', value='SOUTH_AMERICA_EAST_1'}, Tag{name='workloadType', value='OPERATIONAL'}]}, electionId=null, setVersion=7, topologyVersion=TopologyVersion{processId=62f11ffb31cbc8e03d5fcbc3, counter=3}, lastWriteDate=Mon Aug 08 19:22:59 ART 2022, lastUpdateTimeNanos=584037443129100}, ServerDescription{address=ac-9fcfmng-shard-00-02.rbqoldd.mongodb.net:27017, type=UNKNOWN, state=CONNECTING}]}. Waiting for 30000 ms before timing out
2022-08-08 19:22:51.734 [cluster-ClusterId{value='62f18cbb5cd9465548c042fa', description='null'}-ac-9fcfmng-shard-00-00.rbqoldd.mongodb.net:27017] INFO  org.mongodb.driver.connection - Opened connection [connectionId{localValue:38, serverValue:158026}] to ac-9fcfmng-shard-00-00.rbqoldd.mongodb.net:27017
[...]
2022-08-08 19:22:52.500 [Test worker] INFO  org.mongodb.driver.cluster - Cluster description not yet available. Waiting for 30000 ms before timing out
2022-08-08 19:22:52.501 [cluster-ClusterId{value='62f18cbc5cd9465548c042fc', description='null'}-srv-topictwister.rbqoldd.mongodb.net] INFO  org.mongodb.driver.cluster - Adding discovered server ac-9fcfmng-shard-00-01.rbqoldd.mongodb.net:27017 to client view of cluster
2022-08-08 19:22:52.501 [cluster-ClusterId{value='62f18cbc5cd9465548c042fc', description='null'}-srv-topictwister.rbqoldd.mongodb.net] INFO  org.mongodb.driver.cluster - Adding discovered server ac-9fcfmng-shard-00-00.rbqoldd.mongodb.net:27017 to client view of cluster
2022-08-08 19:22:52.502 [cluster-ClusterId{value='62f18cbc5cd9465548c042fc', description='null'}-srv-topictwister.rbqoldd.mongodb.net] INFO  org.mongodb.driver.cluster - Adding discovered server ac-9fcfmng-shard-00-02.rbqoldd.mongodb.net:27017 to client view of cluster
2022-08-08 19:22:52.502 [cluster-ClusterId{value='62f18cbc5cd9465548c042fc', description='null'}-srv-topictwister.rbqoldd.mongodb.net] DEBUG org.mongodb.driver.cluster - Updating cluster description to  {type=REPLICA_SET, servers=[{address=ac-9fcfmng-shard-00-00.rbqoldd.mongodb.net:27017, type=UNKNOWN, state=CONNECTING}, {address=ac-9fcfmng-shard-00-01.rbqoldd.mongodb.net:27017, type=UNKNOWN, state=CONNECTING}, {address=ac-9fcfmng-shard-00-02.rbqoldd.mongodb.net:27017, type=UNKNOWN, state=CONNECTING}]
2022-08-08 19:22:52.503 [Test worker] INFO  org.mongodb.driver.cluster - No server chosen by com.mongodb.client.internal.MongoClientDelegate$1@221a2068 from cluster description ClusterDescription{type=REPLICA_SET, connectionMode=MULTIPLE, serverDescriptions=[ServerDescription{address=ac-9fcfmng-shard-00-00.rbqoldd.mongodb.net:27017, type=UNKNOWN, state=CONNECTING}, ServerDescription{address=ac-9fcfmng-shard-00-01.rbqoldd.mongodb.net:27017, type=UNKNOWN, state=CONNECTING}, ServerDescription{address=ac-9fcfmng-shard-00-02.rbqoldd.mongodb.net:27017, type=UNKNOWN, state=CONNECTING}]}. Waiting for 30000 ms before timing out
2022-08-08 19:22:52.647 [cluster-rtt-ClusterId{value='62f18cbc5cd9465548c042fc', description='null'}-ac-9fcfmng-shard-00-00.rbqoldd.mongodb.net:27017] INFO  org.mongodb.driver.connection - Opened connection [connectionId{localValue:51, serverValue:158027}] to ac-9fcfmng-shard-00-00.rbqoldd.mongodb.net:27017
2022-08-08 19:22:52.648 [cluster-rtt-ClusterId{value='62f18cbc5cd9465548c042fc', description='null'}-ac-9fcfmng-shard-00-01.rbqoldd.mongodb.net:27017] INFO  org.mongodb.driver.connection - Opened connection [connectionId{localValue:50, serverValue:9041}] to ac-9fcfmng-shard-00-01.rbqoldd.mongodb.net:27017
2022-08-08 19:22:52.654 [cluster-ClusterId{value='62f18cbc5cd9465548c042fc', description='null'}-ac-9fcfmng-shard-00-02.rbqoldd.mongodb.net:27017] INFO  org.mongodb.driver.connection - Opened connection [connectionId{localValue:55, serverValue:9834}] to ac-9fcfmng-shard-00-02.rbqoldd.mongodb.net:27017
2022-08-08 19:22:52.654 [cluster-ClusterId{value='62f18cbc5cd9465548c042fc', description='null'}-ac-9fcfmng-shard-00-02.rbqoldd.mongodb.net:27017] INFO  org.mongodb.driver.cluster - Monitor thread successfully connected to server with description ServerDescription{address=ac-9fcfmng-shard-00-02.rbqoldd.mongodb.net:27017, type=REPLICA_SET_PRIMARY, state=CONNECTED, ok=true, minWireVersion=0, maxWireVersion=13, maxDocumentSize=16777216, logicalSessionTimeoutMinutes=30, roundTripTimeNanos=105583500, setName='atlas-wtm6mu-shard-0', canonicalAddress=ac-9fcfmng-shard-00-02.rbqoldd.mongodb.net:27017, hosts=[ac-9fcfmng-shard-00-02.rbqoldd.mongodb.net:27017, ac-9fcfmng-shard-00-01.rbqoldd.mongodb.net:27017, ac-9fcfmng-shard-00-00.rbqoldd.mongodb.net:27017], passives=[], arbiters=[], primary='ac-9fcfmng-shard-00-02.rbqoldd.mongodb.net:27017', tagSet=TagSet{[Tag{name='nodeType', value='ELECTABLE'}, Tag{name='provider', value='GCP'}, Tag{name='region', value='SOUTH_AMERICA_EAST_1'}, Tag{name='workloadType', value='OPERATIONAL'}]}, electionId=7fffffff0000000000000050, setVersion=7, topologyVersion=TopologyVersion{processId=62f11c32490acc0755c4bc62, counter=6}, lastWriteDate=Mon Aug 08 19:23:00 ART 2022, lastUpdateTimeNanos=584038379164400}
2022-08-08 19:22:52.654 [cluster-rtt-ClusterId{value='62f18cbc5cd9465548c042fc', description='null'}-ac-9fcfmng-shard-00-02.rbqoldd.mongodb.net:27017] INFO  org.mongodb.driver.connection - Opened connection [connectionId{localValue:53, serverValue:10086}] to ac-9fcfmng-shard-00-02.rbqoldd.mongodb.net:27017
2022-08-08 19:22:52.654 [cluster-ClusterId{value='62f18cbc5cd9465548c042fc', description='null'}-ac-9fcfmng-shard-00-02.rbqoldd.mongodb.net:27017] DEBUG org.mongodb.driver.connection - Marking the connection pool for ServerId{clusterId=ClusterId{value='62f18cbc5cd9465548c042fc', description='null'}, address=ac-9fcfmng-shard-00-02.rbqoldd.mongodb.net:27017} as 'ready'
2022-08-08 19:22:52.654 [cluster-ClusterId{value='62f18cbc5cd9465548c042fc', description='null'}-ac-9fcfmng-shard-00-02.rbqoldd.mongodb.net:27017] TRACE org.mongodb.driver.cluster - Handling description changed event for server ac-9fcfmng-shard-00-02.rbqoldd.mongodb.net:27017 with description ServerDescription{address=ac-9fcfmng-shard-00-02.rbqoldd.mongodb.net:27017, type=REPLICA_SET_PRIMARY, state=CONNECTED, ok=true, minWireVersion=0, maxWireVersion=13, maxDocumentSize=16777216, logicalSessionTimeoutMinutes=30, roundTripTimeNanos=105583500, setName='atlas-wtm6mu-shard-0', canonicalAddress=ac-9fcfmng-shard-00-02.rbqoldd.mongodb.net:27017, hosts=[ac-9fcfmng-shard-00-02.rbqoldd.mongodb.net:27017, ac-9fcfmng-shard-00-01.rbqoldd.mongodb.net:27017, ac-9fcfmng-shard-00-00.rbqoldd.mongodb.net:27017], passives=[], arbiters=[], primary='ac-9fcfmng-shard-00-02.rbqoldd.mongodb.net:27017', tagSet=TagSet{[Tag{name='nodeType', value='ELECTABLE'}, Tag{name='provider', value='GCP'}, Tag{name='region', value='SOUTH_AMERICA_EAST_1'}, Tag{name='workloadType', value='OPERATIONAL'}]}, electionId=7fffffff0000000000000050, setVersion=7, topologyVersion=TopologyVersion{processId=62f11c32490acc0755c4bc62, counter=6}, lastWriteDate=Mon Aug 08 19:23:00 ART 2022, lastUpdateTimeNanos=584038379164400}
2022-08-08 19:22:52.654 [MaintenanceTimer-25-thread-1] DEBUG org.mongodb.driver.connection - Pruning pooled connections to ac-9fcfmng-shard-00-02.rbqoldd.mongodb.net:27017
2022-08-08 19:22:52.654 [cluster-ClusterId{value='62f18cbc5cd9465548c042fc', description='null'}-ac-9fcfmng-shard-00-02.rbqoldd.mongodb.net:27017] INFO  org.mongodb.driver.cluster - Setting max election id to 7fffffff0000000000000050 from replica set primary ac-9fcfmng-shard-00-02.rbqoldd.mongodb.net:27017
2022-08-08 19:22:52.654 [cluster-ClusterId{value='62f18cbc5cd9465548c042fc', description='null'}-ac-9fcfmng-shard-00-02.rbqoldd.mongodb.net:27017] INFO  org.mongodb.driver.cluster - Setting max set version to 7 from replica set primary ac-9fcfmng-shard-00-02.rbqoldd.mongodb.net:27017
2022-08-08 19:22:52.654 [cluster-ClusterId{value='62f18cbc5cd9465548c042fc', description='null'}-ac-9fcfmng-shard-00-02.rbqoldd.mongodb.net:27017] INFO  org.mongodb.driver.cluster - Discovered replica set primary ac-9fcfmng-shard-00-02.rbqoldd.mongodb.net:27017
2022-08-08 19:22:52.654 [cluster-ClusterId{value='62f18cbc5cd9465548c042fc', description='null'}-ac-9fcfmng-shard-00-02.rbqoldd.mongodb.net:27017] DEBUG org.mongodb.driver.cluster - Updating cluster description to  {type=REPLICA_SET, servers=[{address=ac-9fcfmng-shard-00-00.rbqoldd.mongodb.net:27017, type=UNKNOWN, state=CONNECTING}, {address=ac-9fcfmng-shard-00-01.rbqoldd.mongodb.net:27017, type=UNKNOWN, state=CONNECTING}, {address=ac-9fcfmng-shard-00-02.rbqoldd.mongodb.net:27017, type=REPLICA_SET_PRIMARY, TagSet{[Tag{name='nodeType', value='ELECTABLE'}, Tag{name='provider', value='GCP'}, Tag{name='region', value='SOUTH_AMERICA_EAST_1'}, Tag{name='workloadType', value='OPERATIONAL'}]}, roundTripTime=105.6 ms, state=CONNECTED}]
2022-08-08 19:22:52.654 [cluster-ClusterId{value='62f18cbc5cd9465548c042fc', description='null'}-ac-9fcfmng-shard-00-02.rbqoldd.mongodb.net:27017] DEBUG org.mongodb.driver.cluster - Checking status of ac-9fcfmng-shard-00-02.rbqoldd.mongodb.net:27017
2022-08-08 19:22:52.663 [cluster-ClusterId{value='62f18cbc5cd9465548c042fc', description='null'}-ac-9fcfmng-shard-00-00.rbqoldd.mongodb.net:27017] INFO  org.mongodb.driver.connection - Opened connection [connectionId{localValue:54, serverValue:158027}] to ac-9fcfmng-shard-00-00.rbqoldd.mongodb.net:27017
2022-08-08 19:22:52.663 [cluster-ClusterId{value='62f18cbc5cd9465548c042fc', description='null'}-ac-9fcfmng-shard-00-01.rbqoldd.mongodb.net:27017] INFO  org.mongodb.driver.connection - Opened connection [connectionId{localValue:52, serverValue:9041}] to ac-9fcfmng-shard-00-01.rbqoldd.mongodb.net:27017
2022-08-08 19:22:52.663 [cluster-ClusterId{value='62f18cbc5cd9465548c042fc', description='null'}-ac-9fcfmng-shard-00-00.rbqoldd.mongodb.net:27017] INFO  org.mongodb.driver.cluster - Monitor thread successfully connected to server with description ServerDescription{address=ac-9fcfmng-shard-00-00.rbqoldd.mongodb.net:27017, type=REPLICA_SET_SECONDARY, state=CONNECTED, ok=true, minWireVersion=0, maxWireVersion=13, maxDocumentSize=16777216, logicalSessionTimeoutMinutes=30, roundTripTimeNanos=111820100, setName='atlas-wtm6mu-shard-0', canonicalAddress=ac-9fcfmng-shard-00-00.rbqoldd.mongodb.net:27017, hosts=[ac-9fcfmng-shard-00-02.rbqoldd.mongodb.net:27017, ac-9fcfmng-shard-00-01.rbqoldd.mongodb.net:27017, ac-9fcfmng-shard-00-00.rbqoldd.mongodb.net:27017], passives=[], arbiters=[], primary='ac-9fcfmng-shard-00-02.rbqoldd.mongodb.net:27017', tagSet=TagSet{[Tag{name='nodeType', value='ELECTABLE'}, Tag{name='provider', value='GCP'}, Tag{name='region', value='SOUTH_AMERICA_EAST_1'}, Tag{name='workloadType', value='OPERATIONAL'}]}, electionId=null, setVersion=7, topologyVersion=TopologyVersion{processId=62e92f24b4aa7ac8428beb20, counter=5}, lastWriteDate=Mon Aug 08 19:23:00 ART 2022, lastUpdateTimeNanos=584038388089800}
2022-08-08 19:22:52.663 [cluster-ClusterId{value='62f18cbc5cd9465548c042fc', description='null'}-ac-9fcfmng-shard-00-01.rbqoldd.mongodb.net:27017] INFO  org.mongodb.driver.cluster - Monitor thread successfully connected to server with description ServerDescription{address=ac-9fcfmng-shard-00-01.rbqoldd.mongodb.net:27017, type=REPLICA_SET_SECONDARY, state=CONNECTED, ok=true, minWireVersion=0, maxWireVersion=13, maxDocumentSize=16777216, logicalSessionTimeoutMinutes=30, roundTripTimeNanos=112270000, setName='atlas-wtm6mu-shard-0', canonicalAddress=ac-9fcfmng-shard-00-01.rbqoldd.mongodb.net:27017, hosts=[ac-9fcfmng-shard-00-02.rbqoldd.mongodb.net:27017, ac-9fcfmng-shard-00-01.rbqoldd.mongodb.net:27017, ac-9fcfmng-shard-00-00.rbqoldd.mongodb.net:27017], passives=[], arbiters=[], primary='ac-9fcfmng-shard-00-02.rbqoldd.mongodb.net:27017', tagSet=TagSet{[Tag{name='nodeType', value='ELECTABLE'}, Tag{name='provider', value='GCP'}, Tag{name='region', value='SOUTH_AMERICA_EAST_1'}, Tag{name='workloadType', value='OPERATIONAL'}]}, electionId=null, setVersion=7, topologyVersion=TopologyVersion{processId=62f11ffb31cbc8e03d5fcbc3, counter=3}, lastWriteDate=Mon Aug 08 19:23:00 ART 2022, lastUpdateTimeNanos=584038388313000}
2022-08-08 19:22:52.663 [cluster-ClusterId{value='62f18cbc5cd9465548c042fc', description='null'}-ac-9fcfmng-shard-00-00.rbqoldd.mongodb.net:27017] DEBUG org.mongodb.driver.connection - Marking the connection pool for ServerId{clusterId=ClusterId{value='62f18cbc5cd9465548c042fc', description='null'}, address=ac-9fcfmng-shard-00-00.rbqoldd.mongodb.net:27017} as 'ready'
2022-08-08 19:22:52.663 [cluster-ClusterId{value='62f18cbc5cd9465548c042fc', description='null'}-ac-9fcfmng-shard-00-00.rbqoldd.mongodb.net:27017] TRACE org.mongodb.driver.cluster - Handling description changed event for server ac-9fcfmng-shard-00-00.rbqoldd.mongodb.net:27017 with description ServerDescription{address=ac-9fcfmng-shard-00-00.rbqoldd.mongodb.net:27017, type=REPLICA_SET_SECONDARY, state=CONNECTED, ok=true, minWireVersion=0, maxWireVersion=13, maxDocumentSize=16777216, logicalSessionTimeoutMinutes=30, roundTripTimeNanos=111820100, setName='atlas-wtm6mu-shard-0', canonicalAddress=ac-9fcfmng-shard-00-00.rbqoldd.mongodb.net:27017, hosts=[ac-9fcfmng-shard-00-02.rbqoldd.mongodb.net:27017, ac-9fcfmng-shard-00-01.rbqoldd.mongodb.net:27017, ac-9fcfmng-shard-00-00.rbqoldd.mongodb.net:27017], passives=[], arbiters=[], primary='ac-9fcfmng-shard-00-02.rbqoldd.mongodb.net:27017', tagSet=TagSet{[Tag{name='nodeType', value='ELECTABLE'}, Tag{name='provider', value='GCP'}, Tag{name='region', value='SOUTH_AMERICA_EAST_1'}, Tag{name='workloadType', value='OPERATIONAL'}]}, electionId=null, setVersion=7, topologyVersion=TopologyVersion{processId=62e92f24b4aa7ac8428beb20, counter=5}, lastWriteDate=Mon Aug 08 19:23:00 ART 2022, lastUpdateTimeNanos=584038388089800}
2022-08-08 19:22:52.663 [MaintenanceTimer-24-thread-1] DEBUG org.mongodb.driver.connection - Pruning pooled connections to ac-9fcfmng-shard-00-00.rbqoldd.mongodb.net:27017
2022-08-08 19:22:52.663 [cluster-ClusterId{value='62f18cbc5cd9465548c042fc', description='null'}-ac-9fcfmng-shard-00-00.rbqoldd.mongodb.net:27017] DEBUG org.mongodb.driver.cluster - Updating cluster description to  {type=REPLICA_SET, servers=[{address=ac-9fcfmng-shard-00-00.rbqoldd.mongodb.net:27017, type=REPLICA_SET_SECONDARY, TagSet{[Tag{name='nodeType', value='ELECTABLE'}, Tag{name='provider', value='GCP'}, Tag{name='region', value='SOUTH_AMERICA_EAST_1'}, Tag{name='workloadType', value='OPERATIONAL'}]}, roundTripTime=111.8 ms, state=CONNECTED}, {address=ac-9fcfmng-shard-00-01.rbqoldd.mongodb.net:27017, type=UNKNOWN, state=CONNECTING}, {address=ac-9fcfmng-shard-00-02.rbqoldd.mongodb.net:27017, type=REPLICA_SET_PRIMARY, TagSet{[Tag{name='nodeType', value='ELECTABLE'}, Tag{name='provider', value='GCP'}, Tag{name='region', value='SOUTH_AMERICA_EAST_1'}, Tag{name='workloadType', value='OPERATIONAL'}]}, roundTripTime=105.6 ms, state=CONNECTED}]
2022-08-08 19:22:52.663 [cluster-ClusterId{value='62f18cbc5cd9465548c042fc', description='null'}-ac-9fcfmng-shard-00-00.rbqoldd.mongodb.net:27017] DEBUG org.mongodb.driver.cluster - Checking status of ac-9fcfmng-shard-00-00.rbqoldd.mongodb.net:27017
2022-08-08 19:22:52.664 [cluster-ClusterId{value='62f18cbc5cd9465548c042fc', description='null'}-ac-9fcfmng-shard-00-01.rbqoldd.mongodb.net:27017] DEBUG org.mongodb.driver.connection - Marking the connection pool for ServerId{clusterId=ClusterId{value='62f18cbc5cd9465548c042fc', description='null'}, address=ac-9fcfmng-shard-00-01.rbqoldd.mongodb.net:27017} as 'ready'
2022-08-08 19:22:52.664 [cluster-ClusterId{value='62f18cbc5cd9465548c042fc', description='null'}-ac-9fcfmng-shard-00-01.rbqoldd.mongodb.net:27017] TRACE org.mongodb.driver.cluster - Handling description changed event for server ac-9fcfmng-shard-00-01.rbqoldd.mongodb.net:27017 with description ServerDescription{address=ac-9fcfmng-shard-00-01.rbqoldd.mongodb.net:27017, type=REPLICA_SET_SECONDARY, state=CONNECTED, ok=true, minWireVersion=0, maxWireVersion=13, maxDocumentSize=16777216, logicalSessionTimeoutMinutes=30, roundTripTimeNanos=112270000, setName='atlas-wtm6mu-shard-0', canonicalAddress=ac-9fcfmng-shard-00-01.rbqoldd.mongodb.net:27017, hosts=[ac-9fcfmng-shard-00-02.rbqoldd.mongodb.net:27017, ac-9fcfmng-shard-00-01.rbqoldd.mongodb.net:27017, ac-9fcfmng-shard-00-00.rbqoldd.mongodb.net:27017], passives=[], arbiters=[], primary='ac-9fcfmng-shard-00-02.rbqoldd.mongodb.net:27017', tagSet=TagSet{[Tag{name='nodeType', value='ELECTABLE'}, Tag{name='provider', value='GCP'}, Tag{name='region', value='SOUTH_AMERICA_EAST_1'}, Tag{name='workloadType', value='OPERATIONAL'}]}, electionId=null, setVersion=7, topologyVersion=TopologyVersion{processId=62f11ffb31cbc8e03d5fcbc3, counter=3}, lastWriteDate=Mon Aug 08 19:23:00 ART 2022, lastUpdateTimeNanos=584038388313000}
2022-08-08 19:22:52.664 [MaintenanceTimer-23-thread-1] DEBUG org.mongodb.driver.connection - Pruning pooled connections to ac-9fcfmng-shard-00-01.rbqoldd.mongodb.net:27017
2022-08-08 19:22:52.664 [cluster-ClusterId{value='62f18cbc5cd9465548c042fc', description='null'}-ac-9fcfmng-shard-00-01.rbqoldd.mongodb.net:27017] DEBUG org.mongodb.driver.cluster - Updating cluster description to  {type=REPLICA_SET, servers=[{address=ac-9fcfmng-shard-00-00.rbqoldd.mongodb.net:27017, type=REPLICA_SET_SECONDARY, TagSet{[Tag{name='nodeType', value='ELECTABLE'}, Tag{name='provider', value='GCP'}, Tag{name='region', value='SOUTH_AMERICA_EAST_1'}, Tag{name='workloadType', value='OPERATIONAL'}]}, roundTripTime=111.8 ms, state=CONNECTED}, {address=ac-9fcfmng-shard-00-01.rbqoldd.mongodb.net:27017, type=REPLICA_SET_SECONDARY, TagSet{[Tag{name='nodeType', value='ELECTABLE'}, Tag{name='provider', value='GCP'}, Tag{name='region', value='SOUTH_AMERICA_EAST_1'}, Tag{name='workloadType', value='OPERATIONAL'}]}, roundTripTime=112.3 ms, state=CONNECTED}, {address=ac-9fcfmng-shard-00-02.rbqoldd.mongodb.net:27017, type=REPLICA_SET_PRIMARY, TagSet{[Tag{name='nodeType', value='ELECTABLE'}, Tag{name='provider', value='GCP'}, Tag{name='region', value='SOUTH_AMERICA_EAST_1'}, Tag{name='workloadType', value='OPERATIONAL'}]}, roundTripTime=105.6 ms, state=CONNECTED}]
2022-08-08 19:22:52.664 [cluster-ClusterId{value='62f18cbc5cd9465548c042fc', description='null'}-ac-9fcfmng-shard-00-01.rbqoldd.mongodb.net:27017] DEBUG org.mongodb.driver.cluster - Checking status of ac-9fcfmng-shard-00-01.rbqoldd.mongodb.net:27017
2022-08-08 19:22:52.890 [Test worker] INFO  org.mongodb.driver.connection - Opened connection [connectionId{localValue:56, serverValue:9701}] to ac-9fcfmng-shard-00-02.rbqoldd.mongodb.net:27017
2022-08-08 19:22:52.890 [Test worker] TRACE org.mongodb.driver.connection - Pooled connection connectionId{localValue:56, serverValue:9701} to server ServerId{clusterId=ClusterId{value='62f18cbc5cd9465548c042fc', description='null'}, address=ac-9fcfmng-shard-00-02.rbqoldd.mongodb.net:27017} is now open
2022-08-08 19:22:52.891 [Test worker] DEBUG org.mongodb.driver.protocol.command - Sending command '{"find": "users", "filter": {}, "$db": "login", "lsid": {"id": {"$binary": {"base64": "PrT9RudHSz2jgPFqRaJSrg==", "subType": "04"}}}, "apiVersion": "1"}' with request id 104 to database login on connection [connectionId{localValue:56, serverValue:9701}] to server ac-9fcfmng-shard-00-02.rbqoldd.mongodb.net:27017
2022-08-08 19:22:52.937 [Test worker] DEBUG org.mongodb.driver.protocol.command - Execution of command with request id 104 completed successfully in 46.44 ms on connection [connectionId{localValue:56, serverValue:9701}] to server ac-9fcfmng-shard-00-02.rbqoldd.mongodb.net:27017
2022-08-08 19:22:52.937 [Test worker] DEBUG org.mongodb.driver.operation - Received batch of 6 documents with cursorId 0 from server ac-9fcfmng-shard-00-02.rbqoldd.mongodb.net:27017
2022-08-08 19:22:52.937 [Test worker] TRACE org.mongodb.driver.connection - Checked in connection [connectionId{localValue:56, serverValue:9701}] to server ac-9fcfmng-shard-00-02.rbqoldd.mongodb.net:27017
]]></system-out>
  <system-err><![CDATA[]]></system-err>
</testsuite>
