<?xml version="1.0" encoding="UTF-8"?>
<testsuite name="com.example.database.connectMongoDBTest" tests="1" skipped="0" failures="0" errors="0" timestamp="2022-07-24T19:34:11" hostname="DESKTOP-0IN140F" time="0.185">
  <properties/>
  <testcase name="connectMongoDBSholdHitDatabase" classname="com.example.database.connectMongoDBTest" time="0.185"/>
  <system-out><![CDATA[2022-07-24 16:34:11.690 [cluster-ClusterId{value='62dd9eb368df972831edbb24', description='null'}-srv-topictwister.rbqoldd.mongodb.net] INFO  org.mongodb.driver.cluster - Adding discovered server ac-9fcfmng-shard-00-01.rbqoldd.mongodb.net:27017 to client view of cluster
2022-07-24 16:34:11.703 [Test worker] INFO  org.mongodb.driver.client - MongoClient with metadata {"driver": {"name": "mongo-java-driver|sync", "version": "4.7.0"}, "os": {"type": "Windows", "name": "Windows 10", "architecture": "amd64", "version": "10.0"}, "platform": "Java/Amazon.com Inc./17.0.3+6-LTS"} created with settings MongoClientSettings{readPreference=primary, writeConcern=WriteConcern{w=majority, wTimeout=null ms, journal=null}, retryWrites=true, retryReads=true, readConcern=ReadConcern{level=null}, credential=MongoCredential{mechanism=null, userName='root', source='admin', password=<hidden>, mechanismProperties=<hidden>}, streamFactoryFactory=null, commandListeners=[], codecRegistry=ProvidersCodecRegistry{codecProviders=[ValueCodecProvider{}, BsonValueCodecProvider{}, DBRefCodecProvider{}, DBObjectCodecProvider{}, DocumentCodecProvider{}, IterableCodecProvider{}, MapCodecProvider{}, GeoJsonCodecProvider{}, GridFSFileCodecProvider{}, Jsr310CodecProvider{}, JsonObjectCodecProvider{}, BsonCodecProvider{}, EnumCodecProvider{}, com.mongodb.Jep395RecordCodecProvider@366ac49b]}, clusterSettings={hosts=[127.0.0.1:27017], srvHost=topictwister.rbqoldd.mongodb.net, srvServiceName=mongodb, mode=MULTIPLE, requiredClusterType=REPLICA_SET, requiredReplicaSetName='atlas-wtm6mu-shard-0', serverSelector='null', clusterListeners='[]', serverSelectionTimeout='30000 ms', localThreshold='30000 ms'}, socketSettings=SocketSettings{connectTimeoutMS=10000, readTimeoutMS=0, receiveBufferSize=0, sendBufferSize=0}, heartbeatSocketSettings=SocketSettings{connectTimeoutMS=10000, readTimeoutMS=10000, receiveBufferSize=0, sendBufferSize=0}, connectionPoolSettings=ConnectionPoolSettings{maxSize=100, minSize=0, maxWaitTimeMS=120000, maxConnectionLifeTimeMS=0, maxConnectionIdleTimeMS=0, maintenanceInitialDelayMS=0, maintenanceFrequencyMS=60000, connectionPoolListeners=[], maxConnecting=2}, serverSettings=ServerSettings{heartbeatFrequencyMS=10000, minHeartbeatFrequencyMS=500, serverListeners='[]', serverMonitorListeners='[]'}, sslSettings=SslSettings{enabled=true, invalidHostNameAllowed=false, context=null}, applicationName='null', compressorList=[], uuidRepresentation=UNSPECIFIED, serverApi=null, autoEncryptionSettings=null, contextProvider=null}
databaseResponse
2022-07-24 16:34:11.710 [cluster-ClusterId{value='62dd9eb368df972831edbb24', description='null'}-srv-topictwister.rbqoldd.mongodb.net] INFO  org.mongodb.driver.cluster - Adding discovered server ac-9fcfmng-shard-00-00.rbqoldd.mongodb.net:27017 to client view of cluster
2022-07-24 16:34:11.710 [cluster-ClusterId{value='62dd9eb368df972831edbb24', description='null'}-srv-topictwister.rbqoldd.mongodb.net] INFO  org.mongodb.driver.cluster - Adding discovered server ac-9fcfmng-shard-00-02.rbqoldd.mongodb.net:27017 to client view of cluster
com.mongodb.client.internal.ListCollectionsIterableImpl@340b9973
2022-07-24 16:34:11.712 [cluster-ClusterId{value='62dd9eb368df972831edbb24', description='null'}-srv-topictwister.rbqoldd.mongodb.net] DEBUG org.mongodb.driver.cluster - Updating cluster description to  {type=REPLICA_SET, servers=[{address=ac-9fcfmng-shard-00-00.rbqoldd.mongodb.net:27017, type=UNKNOWN, state=CONNECTING}, {address=ac-9fcfmng-shard-00-01.rbqoldd.mongodb.net:27017, type=UNKNOWN, state=CONNECTING}, {address=ac-9fcfmng-shard-00-02.rbqoldd.mongodb.net:27017, type=UNKNOWN, state=CONNECTING}]
]]></system-out>
  <system-err><![CDATA[]]></system-err>
</testsuite>
